{"C:\\Users\\meler\\Calculadora-Cotizaciones-SIMAR\\src\\main\\application\\useCases\\FetchQuoteByIdUseCase.ts": {"path":"C:\\Users\\meler\\Calculadora-Cotizaciones-SIMAR\\src\\main\\application\\useCases\\FetchQuoteByIdUseCase.ts","statementMap":{"0":{"start":{"line":5,"column":31},"end":{"line":5,"column":66}},"1":{"start":{"line":7,"column":4},"end":{"line":7,"column":null}}},"fnMap":{"0":{"name":"(anonymous_0)","decl":{"start":{"line":5,"column":2},"end":{"line":5,"column":31}},"loc":{"start":{"line":5,"column":66},"end":{"line":5,"column":null}},"line":5},"1":{"name":"(anonymous_1)","decl":{"start":{"line":6,"column":2},"end":{"line":6,"column":10}},"loc":{"start":{"line":6,"column":41},"end":{"line":8,"column":null}},"line":6}},"branchMap":{},"s":{"0":2,"1":2},"f":{"0":2,"1":2},"b":{},"meta":{"lastBranch":0,"lastFunction":2,"lastStatement":2,"seen":{"f:5:2:5:31":0,"s:5:31:5:66":0,"f:6:2:6:10":1,"s:7:4:7:Infinity":1}}}
,"C:\\Users\\meler\\Calculadora-Cotizaciones-SIMAR\\src\\main\\application\\useCases\\GeneratePdfPreviewUseCase.ts": {"path":"C:\\Users\\meler\\Calculadora-Cotizaciones-SIMAR\\src\\main\\application\\useCases\\GeneratePdfPreviewUseCase.ts","statementMap":{"0":{"start":{"line":10,"column":4},"end":{"line":50,"column":null}},"1":{"start":{"line":11,"column":46},"end":{"line":11,"column":null}},"2":{"start":{"line":13,"column":6},"end":{"line":49,"column":null}},"3":{"start":{"line":15,"column":8},"end":{"line":17,"column":null}},"4":{"start":{"line":16,"column":10},"end":{"line":16,"column":null}},"5":{"start":{"line":19,"column":8},"end":{"line":22,"column":null}},"6":{"start":{"line":24,"column":27},"end":{"line":24,"column":null}},"7":{"start":{"line":27,"column":14},"end":{"line":27,"column":null}},"8":{"start":{"line":29,"column":8},"end":{"line":29,"column":null}},"9":{"start":{"line":31,"column":26},"end":{"line":35,"column":null}},"10":{"start":{"line":37,"column":8},"end":{"line":37,"column":null}},"11":{"start":{"line":40,"column":29},"end":{"line":40,"column":null}},"12":{"start":{"line":41,"column":8},"end":{"line":41,"column":null}},"13":{"start":{"line":42,"column":8},"end":{"line":42,"column":null}},"14":{"start":{"line":45,"column":8},"end":{"line":48,"column":null}},"15":{"start":{"line":46,"column":10},"end":{"line":46,"column":null}},"16":{"start":{"line":47,"column":10},"end":{"line":47,"column":null}},"17":{"start":{"line":54,"column":4},"end":{"line":66,"column":null}},"18":{"start":{"line":55,"column":20},"end":{"line":55,"column":null}},"19":{"start":{"line":56,"column":23},"end":{"line":58,"column":null}},"20":{"start":{"line":60,"column":6},"end":{"line":63,"column":null}},"21":{"start":{"line":61,"column":28},"end":{"line":61,"column":null}},"22":{"start":{"line":62,"column":8},"end":{"line":62,"column":null}},"23":{"start":{"line":65,"column":6},"end":{"line":65,"column":null}},"24":{"start":{"line":67,"column":4},"end":{"line":67,"column":null}}},"fnMap":{"0":{"name":"(anonymous_0)","decl":{"start":{"line":9,"column":8},"end":{"line":9,"column":16}},"loc":{"start":{"line":9,"column":106},"end":{"line":51,"column":null}},"line":9},"1":{"name":"(anonymous_1)","decl":{"start":{"line":10,"column":23},"end":{"line":10,"column":30}},"loc":{"start":{"line":10,"column":42},"end":{"line":50,"column":5}},"line":10},"2":{"name":"(anonymous_2)","decl":{"start":{"line":53,"column":10},"end":{"line":53,"column":39}},"loc":{"start":{"line":53,"column":39},"end":{"line":68,"column":null}},"line":53}},"branchMap":{"0":{"loc":{"start":{"line":15,"column":8},"end":{"line":17,"column":null}},"type":"if","locations":[{"start":{"line":15,"column":8},"end":{"line":17,"column":null}},{"start":{},"end":{}}],"line":15},"1":{"loc":{"start":{"line":15,"column":12},"end":{"line":15,"column":82}},"type":"binary-expr","locations":[{"start":{"line":15,"column":12},"end":{"line":15,"column":26}},{"start":{"line":15,"column":26},"end":{"line":15,"column":49}},{"start":{"line":15,"column":49},"end":{"line":15,"column":82}}],"line":15},"2":{"loc":{"start":{"line":40,"column":29},"end":{"line":40,"column":null}},"type":"cond-expr","locations":[{"start":{"line":40,"column":54},"end":{"line":40,"column":70}},{"start":{"line":40,"column":70},"end":{"line":40,"column":null}}],"line":40},"3":{"loc":{"start":{"line":45,"column":8},"end":{"line":48,"column":null}},"type":"if","locations":[{"start":{"line":45,"column":8},"end":{"line":48,"column":null}},{"start":{},"end":{}}],"line":45},"4":{"loc":{"start":{"line":45,"column":12},"end":{"line":45,"column":55}},"type":"binary-expr","locations":[{"start":{"line":45,"column":12},"end":{"line":45,"column":27}},{"start":{"line":45,"column":27},"end":{"line":45,"column":55}}],"line":45},"5":{"loc":{"start":{"line":56,"column":23},"end":{"line":58,"column":null}},"type":"cond-expr","locations":[{"start":{"line":57,"column":10},"end":{"line":57,"column":null}},{"start":{"line":58,"column":10},"end":{"line":58,"column":null}}],"line":56},"6":{"loc":{"start":{"line":60,"column":6},"end":{"line":63,"column":null}},"type":"if","locations":[{"start":{"line":60,"column":6},"end":{"line":63,"column":null}},{"start":{},"end":{}}],"line":60}},"s":{"0":4,"1":4,"2":4,"3":4,"4":2,"5":2,"6":2,"7":2,"8":2,"9":2,"10":1,"11":3,"12":3,"13":3,"14":4,"15":2,"16":2,"17":2,"18":2,"19":2,"20":2,"21":2,"22":2,"23":0,"24":0},"f":{"0":4,"1":4,"2":2},"b":{"0":[2,2],"1":[4,3,3],"2":[3,0],"3":[2,2],"4":[4,2],"5":[2,0],"6":[2,0]},"meta":{"lastBranch":7,"lastFunction":3,"lastStatement":25,"seen":{"f:9:8:9:16":0,"s:10:4:50:Infinity":0,"f:10:23:10:30":1,"s:11:46:11:Infinity":1,"s:13:6:49:Infinity":2,"b:15:8:17:Infinity:undefined:undefined:undefined:undefined":0,"s:15:8:17:Infinity":3,"b:15:12:15:26:15:26:15:49:15:49:15:82":1,"s:16:10:16:Infinity":4,"s:19:8:22:Infinity":5,"s:24:27:24:Infinity":6,"s:27:14:27:Infinity":7,"s:29:8:29:Infinity":8,"s:31:26:35:Infinity":9,"s:37:8:37:Infinity":10,"s:40:29:40:Infinity":11,"b:40:54:40:70:40:70:40:Infinity":2,"s:41:8:41:Infinity":12,"s:42:8:42:Infinity":13,"b:45:8:48:Infinity:undefined:undefined:undefined:undefined":3,"s:45:8:48:Infinity":14,"b:45:12:45:27:45:27:45:55":4,"s:46:10:46:Infinity":15,"s:47:10:47:Infinity":16,"f:53:10:53:39":2,"s:54:4:66:Infinity":17,"s:55:20:55:Infinity":18,"s:56:23:58:Infinity":19,"b:57:10:57:Infinity:58:10:58:Infinity":5,"b:60:6:63:Infinity:undefined:undefined:undefined:undefined":6,"s:60:6:63:Infinity":20,"s:61:28:61:Infinity":21,"s:62:8:62:Infinity":22,"s:65:6:65:Infinity":23,"s:67:4:67:Infinity":24}}}
,"C:\\Users\\meler\\Calculadora-Cotizaciones-SIMAR\\src\\main\\application\\useCases\\GetCatalogsUseCase.ts": {"path":"C:\\Users\\meler\\Calculadora-Cotizaciones-SIMAR\\src\\main\\application\\useCases\\GetCatalogsUseCase.ts","statementMap":{"0":{"start":{"line":4,"column":31},"end":{"line":4,"column":68}},"1":{"start":{"line":7,"column":4},"end":{"line":20,"column":null}},"2":{"start":{"line":8,"column":23},"end":{"line":8,"column":null}},"3":{"start":{"line":9,"column":23},"end":{"line":9,"column":null}},"4":{"start":{"line":10,"column":25},"end":{"line":10,"column":null}},"5":{"start":{"line":12,"column":6},"end":{"line":16,"column":null}},"6":{"start":{"line":18,"column":6},"end":{"line":18,"column":null}},"7":{"start":{"line":19,"column":6},"end":{"line":19,"column":null}}},"fnMap":{"0":{"name":"(anonymous_0)","decl":{"start":{"line":4,"column":2},"end":{"line":4,"column":31}},"loc":{"start":{"line":4,"column":68},"end":{"line":4,"column":null}},"line":4},"1":{"name":"(anonymous_1)","decl":{"start":{"line":6,"column":2},"end":{"line":6,"column":12}},"loc":{"start":{"line":6,"column":12},"end":{"line":21,"column":null}},"line":6}},"branchMap":{},"s":{"0":2,"1":2,"2":2,"3":2,"4":2,"5":2,"6":1,"7":1},"f":{"0":2,"1":2},"b":{},"meta":{"lastBranch":0,"lastFunction":2,"lastStatement":8,"seen":{"f:4:2:4:31":0,"s:4:31:4:68":0,"f:6:2:6:12":1,"s:7:4:20:Infinity":1,"s:8:23:8:Infinity":2,"s:9:23:9:Infinity":3,"s:10:25:10:Infinity":4,"s:12:6:16:Infinity":5,"s:18:6:18:Infinity":6,"s:19:6:19:Infinity":7}}}
,"C:\\Users\\meler\\Calculadora-Cotizaciones-SIMAR\\src\\main\\application\\useCases\\GetDraftByIdUseCase.ts": {"path":"C:\\Users\\meler\\Calculadora-Cotizaciones-SIMAR\\src\\main\\application\\useCases\\GetDraftByIdUseCase.ts","statementMap":{"0":{"start":{"line":5,"column":31},"end":{"line":5,"column":61}},"1":{"start":{"line":8,"column":4},"end":{"line":10,"column":null}},"2":{"start":{"line":9,"column":6},"end":{"line":9,"column":null}},"3":{"start":{"line":12,"column":4},"end":{"line":12,"column":null}}},"fnMap":{"0":{"name":"(anonymous_0)","decl":{"start":{"line":5,"column":2},"end":{"line":5,"column":31}},"loc":{"start":{"line":5,"column":61},"end":{"line":5,"column":null}},"line":5},"1":{"name":"(anonymous_1)","decl":{"start":{"line":7,"column":2},"end":{"line":7,"column":10}},"loc":{"start":{"line":7,"column":41},"end":{"line":13,"column":null}},"line":7}},"branchMap":{"0":{"loc":{"start":{"line":8,"column":4},"end":{"line":10,"column":null}},"type":"if","locations":[{"start":{"line":8,"column":4},"end":{"line":10,"column":null}},{"start":{},"end":{}}],"line":8},"1":{"loc":{"start":{"line":8,"column":8},"end":{"line":8,"column":24}},"type":"binary-expr","locations":[{"start":{"line":8,"column":8},"end":{"line":8,"column":15}},{"start":{"line":8,"column":15},"end":{"line":8,"column":24}}],"line":8}},"s":{"0":3,"1":3,"2":0,"3":3},"f":{"0":3,"1":3},"b":{"0":[0,3],"1":[3,3]},"meta":{"lastBranch":2,"lastFunction":2,"lastStatement":4,"seen":{"f:5:2:5:31":0,"s:5:31:5:61":0,"f:7:2:7:10":1,"b:8:4:10:Infinity:undefined:undefined:undefined:undefined":0,"s:8:4:10:Infinity":1,"b:8:8:8:15:8:15:8:24":1,"s:9:6:9:Infinity":2,"s:12:4:12:Infinity":3}}}
,"C:\\Users\\meler\\Calculadora-Cotizaciones-SIMAR\\src\\main\\application\\useCases\\GetDraftsUseCase.ts": {"path":"C:\\Users\\meler\\Calculadora-Cotizaciones-SIMAR\\src\\main\\application\\useCases\\GetDraftsUseCase.ts","statementMap":{"0":{"start":{"line":5,"column":31},"end":{"line":5,"column":61}},"1":{"start":{"line":8,"column":4},"end":{"line":13,"column":null}},"2":{"start":{"line":9,"column":21},"end":{"line":9,"column":null}},"3":{"start":{"line":10,"column":6},"end":{"line":10,"column":null}},"4":{"start":{"line":12,"column":6},"end":{"line":12,"column":null}}},"fnMap":{"0":{"name":"(anonymous_0)","decl":{"start":{"line":5,"column":2},"end":{"line":5,"column":31}},"loc":{"start":{"line":5,"column":61},"end":{"line":5,"column":null}},"line":5},"1":{"name":"(anonymous_1)","decl":{"start":{"line":7,"column":2},"end":{"line":7,"column":73}},"loc":{"start":{"line":7,"column":73},"end":{"line":14,"column":null}},"line":7}},"branchMap":{},"s":{"0":2,"1":2,"2":2,"3":2,"4":1},"f":{"0":2,"1":2},"b":{},"meta":{"lastBranch":0,"lastFunction":2,"lastStatement":5,"seen":{"f:5:2:5:31":0,"s:5:31:5:61":0,"f:7:2:7:73":1,"s:8:4:13:Infinity":1,"s:9:21:9:Infinity":2,"s:10:6:10:Infinity":3,"s:12:6:12:Infinity":4}}}
,"C:\\Users\\meler\\Calculadora-Cotizaciones-SIMAR\\src\\main\\application\\useCases\\GetIssuedQuotesUseCase.ts": {"path":"C:\\Users\\meler\\Calculadora-Cotizaciones-SIMAR\\src\\main\\application\\useCases\\GetIssuedQuotesUseCase.ts","statementMap":{"0":{"start":{"line":5,"column":31},"end":{"line":5,"column":61}},"1":{"start":{"line":8,"column":4},"end":{"line":13,"column":null}},"2":{"start":{"line":9,"column":27},"end":{"line":9,"column":null}},"3":{"start":{"line":10,"column":6},"end":{"line":10,"column":null}},"4":{"start":{"line":12,"column":6},"end":{"line":12,"column":null}}},"fnMap":{"0":{"name":"(anonymous_0)","decl":{"start":{"line":5,"column":2},"end":{"line":5,"column":31}},"loc":{"start":{"line":5,"column":61},"end":{"line":5,"column":null}},"line":5},"1":{"name":"(anonymous_1)","decl":{"start":{"line":7,"column":2},"end":{"line":7,"column":73}},"loc":{"start":{"line":7,"column":73},"end":{"line":14,"column":null}},"line":7}},"branchMap":{},"s":{"0":2,"1":2,"2":2,"3":2,"4":1},"f":{"0":2,"1":2},"b":{},"meta":{"lastBranch":0,"lastFunction":2,"lastStatement":5,"seen":{"f:5:2:5:31":0,"s:5:31:5:61":0,"f:7:2:7:73":1,"s:8:4:13:Infinity":1,"s:9:27:9:Infinity":2,"s:10:6:10:Infinity":3,"s:12:6:12:Infinity":4}}}
,"C:\\Users\\meler\\Calculadora-Cotizaciones-SIMAR\\src\\main\\application\\useCases\\IssueQuoteUseCase.ts": {"path":"C:\\Users\\meler\\Calculadora-Cotizaciones-SIMAR\\src\\main\\application\\useCases\\IssueQuoteUseCase.ts","statementMap":{"0":{"start":{"line":6,"column":21},"end":{"line":6,"column":null}},"1":{"start":{"line":7,"column":21},"end":{"line":7,"column":null}},"2":{"start":{"line":11,"column":4},"end":{"line":25,"column":null}},"3":{"start":{"line":12,"column":22},"end":{"line":12,"column":null}},"4":{"start":{"line":13,"column":6},"end":{"line":13,"column":null}},"5":{"start":{"line":13,"column":20},"end":{"line":13,"column":null}},"6":{"start":{"line":15,"column":6},"end":{"line":20,"column":null}},"7":{"start":{"line":22,"column":6},"end":{"line":22,"column":null}},"8":{"start":{"line":24,"column":6},"end":{"line":24,"column":null}}},"fnMap":{"0":{"name":"(anonymous_0)","decl":{"start":{"line":5,"column":2},"end":{"line":5,"column":null}},"loc":{"start":{"line":8,"column":4},"end":{"line":8,"column":null}},"line":8},"1":{"name":"(anonymous_1)","decl":{"start":{"line":10,"column":8},"end":{"line":10,"column":16}},"loc":{"start":{"line":10,"column":75},"end":{"line":26,"column":null}},"line":10}},"branchMap":{"0":{"loc":{"start":{"line":13,"column":6},"end":{"line":13,"column":null}},"type":"if","locations":[{"start":{"line":13,"column":6},"end":{"line":13,"column":null}},{"start":{},"end":{}}],"line":13}},"s":{"0":3,"1":3,"2":3,"3":3,"4":3,"5":1,"6":1,"7":1,"8":1},"f":{"0":3,"1":3},"b":{"0":[1,2]},"meta":{"lastBranch":1,"lastFunction":2,"lastStatement":9,"seen":{"f:5:2:5:Infinity":0,"s:6:21:6:Infinity":0,"s:7:21:7:Infinity":1,"f:10:8:10:16":1,"s:11:4:25:Infinity":2,"s:12:22:12:Infinity":3,"b:13:6:13:Infinity:undefined:undefined:undefined:undefined":0,"s:13:6:13:Infinity":4,"s:13:20:13:Infinity":5,"s:15:6:20:Infinity":6,"s:22:6:22:Infinity":7,"s:24:6:24:Infinity":8}}}
,"C:\\Users\\meler\\Calculadora-Cotizaciones-SIMAR\\src\\main\\application\\useCases\\LogAuditActionUseCase.ts": {"path":"C:\\Users\\meler\\Calculadora-Cotizaciones-SIMAR\\src\\main\\application\\useCases\\LogAuditActionUseCase.ts","statementMap":{"0":{"start":{"line":4,"column":31},"end":{"line":4,"column":66}},"1":{"start":{"line":7,"column":4},"end":{"line":15,"column":null}},"2":{"start":{"line":8,"column":6},"end":{"line":12,"column":null}},"3":{"start":{"line":14,"column":6},"end":{"line":14,"column":null}}},"fnMap":{"0":{"name":"(anonymous_0)","decl":{"start":{"line":4,"column":2},"end":{"line":4,"column":31}},"loc":{"start":{"line":4,"column":66},"end":{"line":4,"column":null}},"line":4},"1":{"name":"(anonymous_1)","decl":{"start":{"line":6,"column":2},"end":{"line":6,"column":10}},"loc":{"start":{"line":6,"column":63},"end":{"line":16,"column":null}},"line":6}},"branchMap":{},"s":{"0":2,"1":2,"2":2,"3":1},"f":{"0":2,"1":2},"b":{},"meta":{"lastBranch":0,"lastFunction":2,"lastStatement":4,"seen":{"f:4:2:4:31":0,"s:4:31:4:66":0,"f:6:2:6:10":1,"s:7:4:15:Infinity":1,"s:8:6:12:Infinity":2,"s:14:6:14:Infinity":3}}}
,"C:\\Users\\meler\\Calculadora-Cotizaciones-SIMAR\\src\\main\\application\\useCases\\LoginUseCase.ts": {"path":"C:\\Users\\meler\\Calculadora-Cotizaciones-SIMAR\\src\\main\\application\\useCases\\LoginUseCase.ts","statementMap":{"0":{"start":{"line":6,"column":31},"end":{"line":6,"column":64}},"1":{"start":{"line":9,"column":32},"end":{"line":9,"column":null}},"2":{"start":{"line":11,"column":4},"end":{"line":13,"column":null}},"3":{"start":{"line":12,"column":6},"end":{"line":12,"column":null}},"4":{"start":{"line":15,"column":4},"end":{"line":51,"column":null}},"5":{"start":{"line":16,"column":25},"end":{"line":16,"column":null}},"6":{"start":{"line":17,"column":6},"end":{"line":17,"column":null}},"7":{"start":{"line":19,"column":25},"end":{"line":19,"column":null}},"8":{"start":{"line":21,"column":6},"end":{"line":24,"column":null}},"9":{"start":{"line":22,"column":8},"end":{"line":22,"column":null}},"10":{"start":{"line":23,"column":8},"end":{"line":23,"column":null}},"11":{"start":{"line":26,"column":28},"end":{"line":26,"column":null}},"12":{"start":{"line":28,"column":6},"end":{"line":32,"column":null}},"13":{"start":{"line":29,"column":8},"end":{"line":29,"column":null}},"14":{"start":{"line":31,"column":8},"end":{"line":31,"column":null}},"15":{"start":{"line":34,"column":6},"end":{"line":37,"column":null}},"16":{"start":{"line":35,"column":8},"end":{"line":35,"column":null}},"17":{"start":{"line":36,"column":8},"end":{"line":36,"column":null}},"18":{"start":{"line":39,"column":6},"end":{"line":42,"column":null}},"19":{"start":{"line":40,"column":8},"end":{"line":40,"column":null}},"20":{"start":{"line":41,"column":8},"end":{"line":41,"column":null}},"21":{"start":{"line":44,"column":6},"end":{"line":44,"column":null}},"22":{"start":{"line":45,"column":45},"end":{"line":45,"column":null}},"23":{"start":{"line":47,"column":6},"end":{"line":47,"column":null}},"24":{"start":{"line":49,"column":6},"end":{"line":49,"column":null}},"25":{"start":{"line":50,"column":6},"end":{"line":50,"column":null}}},"fnMap":{"0":{"name":"(anonymous_0)","decl":{"start":{"line":6,"column":2},"end":{"line":6,"column":31}},"loc":{"start":{"line":6,"column":64},"end":{"line":6,"column":null}},"line":6},"1":{"name":"(anonymous_1)","decl":{"start":{"line":8,"column":2},"end":{"line":8,"column":10}},"loc":{"start":{"line":8,"column":98},"end":{"line":52,"column":null}},"line":8}},"branchMap":{"0":{"loc":{"start":{"line":11,"column":4},"end":{"line":13,"column":null}},"type":"if","locations":[{"start":{"line":11,"column":4},"end":{"line":13,"column":null}},{"start":{},"end":{}}],"line":11},"1":{"loc":{"start":{"line":11,"column":8},"end":{"line":11,"column":29}},"type":"binary-expr","locations":[{"start":{"line":11,"column":8},"end":{"line":11,"column":18}},{"start":{"line":11,"column":18},"end":{"line":11,"column":29}}],"line":11},"2":{"loc":{"start":{"line":21,"column":6},"end":{"line":24,"column":null}},"type":"if","locations":[{"start":{"line":21,"column":6},"end":{"line":24,"column":null}},{"start":{},"end":{}}],"line":21},"3":{"loc":{"start":{"line":28,"column":6},"end":{"line":32,"column":null}},"type":"if","locations":[{"start":{"line":28,"column":6},"end":{"line":32,"column":null}},{"start":{"line":30,"column":13},"end":{"line":32,"column":null}}],"line":28},"4":{"loc":{"start":{"line":28,"column":10},"end":{"line":28,"column":102}},"type":"binary-expr","locations":[{"start":{"line":28,"column":10},"end":{"line":28,"column":57}},{"start":{"line":28,"column":57},"end":{"line":28,"column":102}}],"line":28},"5":{"loc":{"start":{"line":34,"column":6},"end":{"line":37,"column":null}},"type":"if","locations":[{"start":{"line":34,"column":6},"end":{"line":37,"column":null}},{"start":{},"end":{}}],"line":34},"6":{"loc":{"start":{"line":39,"column":6},"end":{"line":42,"column":null}},"type":"if","locations":[{"start":{"line":39,"column":6},"end":{"line":42,"column":null}},{"start":{},"end":{}}],"line":39},"7":{"loc":{"start":{"line":39,"column":10},"end":{"line":39,"column":72}},"type":"binary-expr","locations":[{"start":{"line":39,"column":10},"end":{"line":39,"column":40}},{"start":{"line":39,"column":40},"end":{"line":39,"column":72}}],"line":39}},"s":{"0":6,"1":6,"2":6,"3":0,"4":6,"5":6,"6":6,"7":6,"8":6,"9":1,"10":1,"11":4,"12":4,"13":2,"14":2,"15":4,"16":1,"17":1,"18":3,"19":1,"20":1,"21":2,"22":2,"23":2,"24":1,"25":1},"f":{"0":6,"1":6},"b":{"0":[0,6],"1":[6,6],"2":[1,5],"3":[2,2],"4":[4,2],"5":[1,3],"6":[1,2],"7":[3,2]},"meta":{"lastBranch":8,"lastFunction":2,"lastStatement":26,"seen":{"f:6:2:6:31":0,"s:6:31:6:64":0,"f:8:2:8:10":1,"s:9:32:9:Infinity":1,"b:11:4:13:Infinity:undefined:undefined:undefined:undefined":0,"s:11:4:13:Infinity":2,"b:11:8:11:18:11:18:11:29":1,"s:12:6:12:Infinity":3,"s:15:4:51:Infinity":4,"s:16:25:16:Infinity":5,"s:17:6:17:Infinity":6,"s:19:25:19:Infinity":7,"b:21:6:24:Infinity:undefined:undefined:undefined:undefined":2,"s:21:6:24:Infinity":8,"s:22:8:22:Infinity":9,"s:23:8:23:Infinity":10,"s:26:28:26:Infinity":11,"b:28:6:32:Infinity:30:13:32:Infinity":3,"s:28:6:32:Infinity":12,"b:28:10:28:57:28:57:28:102":4,"s:29:8:29:Infinity":13,"s:31:8:31:Infinity":14,"b:34:6:37:Infinity:undefined:undefined:undefined:undefined":5,"s:34:6:37:Infinity":15,"s:35:8:35:Infinity":16,"s:36:8:36:Infinity":17,"b:39:6:42:Infinity:undefined:undefined:undefined:undefined":6,"s:39:6:42:Infinity":18,"b:39:10:39:40:39:40:39:72":7,"s:40:8:40:Infinity":19,"s:41:8:41:Infinity":20,"s:44:6:44:Infinity":21,"s:45:45:45:Infinity":22,"s:47:6:47:Infinity":23,"s:49:6:49:Infinity":24,"s:50:6:50:Infinity":25}}}
,"C:\\Users\\meler\\Calculadora-Cotizaciones-SIMAR\\src\\main\\application\\useCases\\ManageCatalogUseCase.ts": {"path":"C:\\Users\\meler\\Calculadora-Cotizaciones-SIMAR\\src\\main\\application\\useCases\\ManageCatalogUseCase.ts","statementMap":{"0":{"start":{"line":4,"column":31},"end":{"line":4,"column":68}},"1":{"start":{"line":7,"column":4},"end":{"line":32,"column":null}},"2":{"start":{"line":8,"column":6},"end":{"line":14,"column":null}},"3":{"start":{"line":9,"column":8},"end":{"line":9,"column":null}},"4":{"start":{"line":9,"column":25},"end":{"line":9,"column":null}},"5":{"start":{"line":11,"column":8},"end":{"line":11,"column":null}},"6":{"start":{"line":11,"column":32},"end":{"line":11,"column":null}},"7":{"start":{"line":12,"column":8},"end":{"line":12,"column":null}},"8":{"start":{"line":12,"column":31},"end":{"line":12,"column":null}},"9":{"start":{"line":13,"column":8},"end":{"line":13,"column":null}},"10":{"start":{"line":13,"column":34},"end":{"line":13,"column":null}},"11":{"start":{"line":16,"column":6},"end":{"line":26,"column":null}},"12":{"start":{"line":17,"column":8},"end":{"line":19,"column":null}},"13":{"start":{"line":18,"column":10},"end":{"line":18,"column":null}},"14":{"start":{"line":20,"column":8},"end":{"line":22,"column":null}},"15":{"start":{"line":21,"column":10},"end":{"line":21,"column":null}},"16":{"start":{"line":23,"column":8},"end":{"line":25,"column":null}},"17":{"start":{"line":24,"column":10},"end":{"line":24,"column":null}},"18":{"start":{"line":28,"column":6},"end":{"line":28,"column":null}},"19":{"start":{"line":30,"column":6},"end":{"line":30,"column":null}},"20":{"start":{"line":31,"column":6},"end":{"line":31,"column":null}}},"fnMap":{"0":{"name":"(anonymous_0)","decl":{"start":{"line":4,"column":2},"end":{"line":4,"column":31}},"loc":{"start":{"line":4,"column":68},"end":{"line":4,"column":null}},"line":4},"1":{"name":"(anonymous_1)","decl":{"start":{"line":6,"column":8},"end":{"line":6,"column":16}},"loc":{"start":{"line":6,"column":98},"end":{"line":33,"column":null}},"line":6}},"branchMap":{"0":{"loc":{"start":{"line":8,"column":6},"end":{"line":14,"column":null}},"type":"if","locations":[{"start":{"line":8,"column":6},"end":{"line":14,"column":null}},{"start":{},"end":{}}],"line":8},"1":{"loc":{"start":{"line":9,"column":8},"end":{"line":9,"column":null}},"type":"if","locations":[{"start":{"line":9,"column":8},"end":{"line":9,"column":null}},{"start":{},"end":{}}],"line":9},"2":{"loc":{"start":{"line":11,"column":8},"end":{"line":11,"column":null}},"type":"if","locations":[{"start":{"line":11,"column":8},"end":{"line":11,"column":null}},{"start":{},"end":{}}],"line":11},"3":{"loc":{"start":{"line":12,"column":8},"end":{"line":12,"column":null}},"type":"if","locations":[{"start":{"line":12,"column":8},"end":{"line":12,"column":null}},{"start":{},"end":{}}],"line":12},"4":{"loc":{"start":{"line":13,"column":8},"end":{"line":13,"column":null}},"type":"if","locations":[{"start":{"line":13,"column":8},"end":{"line":13,"column":null}},{"start":{},"end":{}}],"line":13},"5":{"loc":{"start":{"line":16,"column":6},"end":{"line":26,"column":null}},"type":"if","locations":[{"start":{"line":16,"column":6},"end":{"line":26,"column":null}},{"start":{},"end":{}}],"line":16},"6":{"loc":{"start":{"line":17,"column":8},"end":{"line":19,"column":null}},"type":"if","locations":[{"start":{"line":17,"column":8},"end":{"line":19,"column":null}},{"start":{},"end":{}}],"line":17},"7":{"loc":{"start":{"line":20,"column":8},"end":{"line":22,"column":null}},"type":"if","locations":[{"start":{"line":20,"column":8},"end":{"line":22,"column":null}},{"start":{},"end":{}}],"line":20},"8":{"loc":{"start":{"line":23,"column":8},"end":{"line":25,"column":null}},"type":"if","locations":[{"start":{"line":23,"column":8},"end":{"line":25,"column":null}},{"start":{},"end":{}}],"line":23}},"s":{"0":5,"1":10,"2":10,"3":5,"4":1,"5":4,"6":4,"7":2,"8":2,"9":1,"10":1,"11":5,"12":4,"13":1,"14":3,"15":1,"16":2,"17":1,"18":2,"19":4,"20":4},"f":{"0":5,"1":10},"b":{"0":[5,5],"1":[1,4],"2":[2,2],"3":[1,1],"4":[1,0],"5":[4,1],"6":[1,3],"7":[1,2],"8":[1,1]},"meta":{"lastBranch":9,"lastFunction":2,"lastStatement":21,"seen":{"f:4:2:4:31":0,"s:4:31:4:68":0,"f:6:8:6:16":1,"s:7:4:32:Infinity":1,"b:8:6:14:Infinity:undefined:undefined:undefined:undefined":0,"s:8:6:14:Infinity":2,"b:9:8:9:Infinity:undefined:undefined:undefined:undefined":1,"s:9:8:9:Infinity":3,"s:9:25:9:Infinity":4,"b:11:8:11:Infinity:undefined:undefined:undefined:undefined":2,"s:11:8:11:Infinity":5,"s:11:32:11:Infinity":6,"b:12:8:12:Infinity:undefined:undefined:undefined:undefined":3,"s:12:8:12:Infinity":7,"s:12:31:12:Infinity":8,"b:13:8:13:Infinity:undefined:undefined:undefined:undefined":4,"s:13:8:13:Infinity":9,"s:13:34:13:Infinity":10,"b:16:6:26:Infinity:undefined:undefined:undefined:undefined":5,"s:16:6:26:Infinity":11,"b:17:8:19:Infinity:undefined:undefined:undefined:undefined":6,"s:17:8:19:Infinity":12,"s:18:10:18:Infinity":13,"b:20:8:22:Infinity:undefined:undefined:undefined:undefined":7,"s:20:8:22:Infinity":14,"s:21:10:21:Infinity":15,"b:23:8:25:Infinity:undefined:undefined:undefined:undefined":8,"s:23:8:25:Infinity":16,"s:24:10:24:Infinity":17,"s:28:6:28:Infinity":18,"s:30:6:30:Infinity":19,"s:31:6:31:Infinity":20}}}
,"C:\\Users\\meler\\Calculadora-Cotizaciones-SIMAR\\src\\main\\application\\useCases\\RegisterWorkerUseCase.ts": {"path":"C:\\Users\\meler\\Calculadora-Cotizaciones-SIMAR\\src\\main\\application\\useCases\\RegisterWorkerUseCase.ts","statementMap":{"0":{"start":{"line":6,"column":22},"end":{"line":6,"column":58}},"1":{"start":{"line":9,"column":4},"end":{"line":43,"column":null}},"2":{"start":{"line":10,"column":6},"end":{"line":12,"column":null}},"3":{"start":{"line":11,"column":8},"end":{"line":11,"column":null}},"4":{"start":{"line":15,"column":19},"end":{"line":15,"column":null}},"5":{"start":{"line":16,"column":29},"end":{"line":16,"column":null}},"6":{"start":{"line":18,"column":25},"end":{"line":18,"column":null}},"7":{"start":{"line":19,"column":30},"end":{"line":19,"column":null}},"8":{"start":{"line":20,"column":28},"end":{"line":20,"column":null}},"9":{"start":{"line":23,"column":21},"end":{"line":29,"column":null}},"10":{"start":{"line":31,"column":6},"end":{"line":31,"column":null}},"11":{"start":{"line":33,"column":6},"end":{"line":33,"column":null}},"12":{"start":{"line":35,"column":6},"end":{"line":40,"column":null}},"13":{"start":{"line":36,"column":8},"end":{"line":39,"column":null}},"14":{"start":{"line":42,"column":6},"end":{"line":42,"column":null}}},"fnMap":{"0":{"name":"(anonymous_0)","decl":{"start":{"line":6,"column":2},"end":{"line":6,"column":22}},"loc":{"start":{"line":6,"column":58},"end":{"line":6,"column":null}},"line":6},"1":{"name":"(anonymous_1)","decl":{"start":{"line":8,"column":8},"end":{"line":8,"column":16}},"loc":{"start":{"line":8,"column":36},"end":{"line":44,"column":null}},"line":8}},"branchMap":{"0":{"loc":{"start":{"line":10,"column":6},"end":{"line":12,"column":null}},"type":"if","locations":[{"start":{"line":10,"column":6},"end":{"line":12,"column":null}},{"start":{},"end":{}}],"line":10},"1":{"loc":{"start":{"line":35,"column":6},"end":{"line":40,"column":null}},"type":"if","locations":[{"start":{"line":35,"column":6},"end":{"line":40,"column":null}},{"start":{},"end":{}}],"line":35}},"s":{"0":4,"1":4,"2":4,"3":1,"4":3,"5":3,"6":3,"7":3,"8":3,"9":3,"10":3,"11":3,"12":3,"13":1,"14":2},"f":{"0":4,"1":4},"b":{"0":[1,3],"1":[1,2]},"meta":{"lastBranch":2,"lastFunction":2,"lastStatement":15,"seen":{"f:6:2:6:22":0,"s:6:22:6:58":0,"f:8:8:8:16":1,"s:9:4:43:Infinity":1,"b:10:6:12:Infinity:undefined:undefined:undefined:undefined":0,"s:10:6:12:Infinity":2,"s:11:8:11:Infinity":3,"s:15:19:15:Infinity":4,"s:16:29:16:Infinity":5,"s:18:25:18:Infinity":6,"s:19:30:19:Infinity":7,"s:20:28:20:Infinity":8,"s:23:21:29:Infinity":9,"s:31:6:31:Infinity":10,"s:33:6:33:Infinity":11,"b:35:6:40:Infinity:undefined:undefined:undefined:undefined":1,"s:35:6:40:Infinity":12,"s:36:8:39:Infinity":13,"s:42:6:42:Infinity":14}}}
,"C:\\Users\\meler\\Calculadora-Cotizaciones-SIMAR\\src\\main\\application\\useCases\\SaveDraftUseCase.ts": {"path":"C:\\Users\\meler\\Calculadora-Cotizaciones-SIMAR\\src\\main\\application\\useCases\\SaveDraftUseCase.ts","statementMap":{"0":{"start":{"line":5,"column":21},"end":{"line":5,"column":null}},"1":{"start":{"line":6,"column":21},"end":{"line":6,"column":null}},"2":{"start":{"line":10,"column":4},"end":{"line":42,"column":null}},"3":{"start":{"line":11,"column":6},"end":{"line":13,"column":null}},"4":{"start":{"line":12,"column":8},"end":{"line":12,"column":null}},"5":{"start":{"line":15,"column":26},"end":{"line":15,"column":null}},"6":{"start":{"line":15,"column":61},"end":{"line":15,"column":107}},"7":{"start":{"line":16,"column":6},"end":{"line":18,"column":null}},"8":{"start":{"line":17,"column":8},"end":{"line":17,"column":null}},"9":{"start":{"line":20,"column":30},"end":{"line":22,"column":null}},"10":{"start":{"line":21,"column":8},"end":{"line":21,"column":null}},"11":{"start":{"line":21,"column":33},"end":{"line":21,"column":48}},"12":{"start":{"line":23,"column":6},"end":{"line":25,"column":null}},"13":{"start":{"line":24,"column":8},"end":{"line":24,"column":null}},"14":{"start":{"line":27,"column":23},"end":{"line":27,"column":null}},"15":{"start":{"line":29,"column":20},"end":{"line":29,"column":null}},"16":{"start":{"line":31,"column":6},"end":{"line":36,"column":null}},"17":{"start":{"line":38,"column":6},"end":{"line":38,"column":null}},"18":{"start":{"line":40,"column":6},"end":{"line":40,"column":null}},"19":{"start":{"line":41,"column":6},"end":{"line":41,"column":null}}},"fnMap":{"0":{"name":"(anonymous_0)","decl":{"start":{"line":4,"column":2},"end":{"line":4,"column":null}},"loc":{"start":{"line":7,"column":4},"end":{"line":7,"column":null}},"line":7},"1":{"name":"(anonymous_1)","decl":{"start":{"line":9,"column":2},"end":{"line":9,"column":10}},"loc":{"start":{"line":9,"column":111},"end":{"line":43,"column":null}},"line":9},"2":{"name":"(anonymous_2)","decl":{"start":{"line":15,"column":50},"end":{"line":15,"column":61}},"loc":{"start":{"line":15,"column":61},"end":{"line":15,"column":107}},"line":15},"3":{"name":"(anonymous_3)","decl":{"start":{"line":20,"column":54},"end":{"line":20,"column":null}},"loc":{"start":{"line":21,"column":8},"end":{"line":21,"column":null}},"line":21},"4":{"name":"(anonymous_4)","decl":{"start":{"line":21,"column":28},"end":{"line":21,"column":33}},"loc":{"start":{"line":21,"column":33},"end":{"line":21,"column":48}},"line":21}},"branchMap":{"0":{"loc":{"start":{"line":11,"column":6},"end":{"line":13,"column":null}},"type":"if","locations":[{"start":{"line":11,"column":6},"end":{"line":13,"column":null}},{"start":{},"end":{}}],"line":11},"1":{"loc":{"start":{"line":11,"column":10},"end":{"line":11,"column":66}},"type":"binary-expr","locations":[{"start":{"line":11,"column":10},"end":{"line":11,"column":33}},{"start":{"line":11,"column":33},"end":{"line":11,"column":66}}],"line":11},"2":{"loc":{"start":{"line":15,"column":61},"end":{"line":15,"column":107}},"type":"binary-expr","locations":[{"start":{"line":15,"column":61},"end":{"line":15,"column":80}},{"start":{"line":15,"column":80},"end":{"line":15,"column":107}}],"line":15},"3":{"loc":{"start":{"line":16,"column":6},"end":{"line":18,"column":null}},"type":"if","locations":[{"start":{"line":16,"column":6},"end":{"line":18,"column":null}},{"start":{},"end":{}}],"line":16},"4":{"loc":{"start":{"line":23,"column":6},"end":{"line":25,"column":null}},"type":"if","locations":[{"start":{"line":23,"column":6},"end":{"line":25,"column":null}},{"start":{},"end":{}}],"line":23},"5":{"loc":{"start":{"line":32,"column":16},"end":{"line":32,"column":null}},"type":"cond-expr","locations":[{"start":{"line":32,"column":27},"end":{"line":32,"column":44}},{"start":{"line":32,"column":44},"end":{"line":32,"column":null}}],"line":32},"6":{"loc":{"start":{"line":35,"column":17},"end":{"line":35,"column":null}},"type":"cond-expr","locations":[{"start":{"line":35,"column":28},"end":{"line":35,"column":53}},{"start":{"line":35,"column":53},"end":{"line":35,"column":null}}],"line":35}},"s":{"0":3,"1":3,"2":3,"3":3,"4":0,"5":3,"6":3,"7":3,"8":0,"9":3,"10":3,"11":3,"12":3,"13":0,"14":3,"15":3,"16":3,"17":3,"18":1,"19":1},"f":{"0":3,"1":3,"2":3,"3":3,"4":3},"b":{"0":[0,3],"1":[3,3],"2":[3,3],"3":[0,3],"4":[0,3],"5":[1,1],"6":[1,1]},"meta":{"lastBranch":7,"lastFunction":5,"lastStatement":20,"seen":{"f:4:2:4:Infinity":0,"s:5:21:5:Infinity":0,"s:6:21:6:Infinity":1,"f:9:2:9:10":1,"s:10:4:42:Infinity":2,"b:11:6:13:Infinity:undefined:undefined:undefined:undefined":0,"s:11:6:13:Infinity":3,"b:11:10:11:33:11:33:11:66":1,"s:12:8:12:Infinity":4,"s:15:26:15:Infinity":5,"f:15:50:15:61":2,"s:15:61:15:107":6,"b:15:61:15:80:15:80:15:107":2,"b:16:6:18:Infinity:undefined:undefined:undefined:undefined":3,"s:16:6:18:Infinity":7,"s:17:8:17:Infinity":8,"s:20:30:22:Infinity":9,"f:20:54:20:Infinity":3,"s:21:8:21:Infinity":10,"f:21:28:21:33":4,"s:21:33:21:48":11,"b:23:6:25:Infinity:undefined:undefined:undefined:undefined":4,"s:23:6:25:Infinity":12,"s:24:8:24:Infinity":13,"s:27:23:27:Infinity":14,"s:29:20:29:Infinity":15,"s:31:6:36:Infinity":16,"b:32:27:32:44:32:44:32:Infinity":5,"b:35:28:35:53:35:53:35:Infinity":6,"s:38:6:38:Infinity":17,"s:40:6:40:Infinity":18,"s:41:6:41:Infinity":19}}}
,"C:\\Users\\meler\\Calculadora-Cotizaciones-SIMAR\\src\\main\\application\\useCases\\SavePdfUseCase.ts": {"path":"C:\\Users\\meler\\Calculadora-Cotizaciones-SIMAR\\src\\main\\application\\useCases\\SavePdfUseCase.ts","statementMap":{"0":{"start":{"line":6,"column":4},"end":{"line":22,"column":null}},"1":{"start":{"line":7,"column":37},"end":{"line":11,"column":null}},"2":{"start":{"line":13,"column":6},"end":{"line":13,"column":null}},"3":{"start":{"line":13,"column":33},"end":{"line":13,"column":null}},"4":{"start":{"line":15,"column":24},"end":{"line":15,"column":null}},"5":{"start":{"line":16,"column":6},"end":{"line":16,"column":null}},"6":{"start":{"line":18,"column":6},"end":{"line":18,"column":null}},"7":{"start":{"line":20,"column":6},"end":{"line":20,"column":null}},"8":{"start":{"line":21,"column":6},"end":{"line":21,"column":null}}},"fnMap":{"0":{"name":"(anonymous_0)","decl":{"start":{"line":5,"column":8},"end":{"line":5,"column":16}},"loc":{"start":{"line":5,"column":123},"end":{"line":23,"column":null}},"line":5}},"branchMap":{"0":{"loc":{"start":{"line":13,"column":6},"end":{"line":13,"column":null}},"type":"if","locations":[{"start":{"line":13,"column":6},"end":{"line":13,"column":null}},{"start":{},"end":{}}],"line":13},"1":{"loc":{"start":{"line":13,"column":10},"end":{"line":13,"column":33}},"type":"binary-expr","locations":[{"start":{"line":13,"column":10},"end":{"line":13,"column":22}},{"start":{"line":13,"column":22},"end":{"line":13,"column":33}}],"line":13}},"s":{"0":3,"1":3,"2":2,"3":1,"4":1,"5":1,"6":1,"7":1,"8":1},"f":{"0":3},"b":{"0":[1,1],"1":[2,1]},"meta":{"lastBranch":2,"lastFunction":1,"lastStatement":9,"seen":{"f:5:8:5:16":0,"s:6:4:22:Infinity":0,"s:7:37:11:Infinity":1,"b:13:6:13:Infinity:undefined:undefined:undefined:undefined":0,"s:13:6:13:Infinity":2,"b:13:10:13:22:13:22:13:33":1,"s:13:33:13:Infinity":3,"s:15:24:15:Infinity":4,"s:16:6:16:Infinity":5,"s:18:6:18:Infinity":6,"s:20:6:20:Infinity":7,"s:21:6:21:Infinity":8}}}
,"C:\\Users\\meler\\Calculadora-Cotizaciones-SIMAR\\src\\main\\application\\useCases\\UpdateCatalogPriceUseCase.ts": {"path":"C:\\Users\\meler\\Calculadora-Cotizaciones-SIMAR\\src\\main\\application\\useCases\\UpdateCatalogPriceUseCase.ts","statementMap":{"0":{"start":{"line":5,"column":31},"end":{"line":5,"column":68}},"1":{"start":{"line":8,"column":4},"end":{"line":8,"column":null}},"2":{"start":{"line":8,"column":19},"end":{"line":8,"column":null}},"3":{"start":{"line":10,"column":4},"end":{"line":12,"column":null}},"4":{"start":{"line":11,"column":6},"end":{"line":11,"column":null}},"5":{"start":{"line":13,"column":4},"end":{"line":13,"column":null}}},"fnMap":{"0":{"name":"(anonymous_0)","decl":{"start":{"line":5,"column":2},"end":{"line":5,"column":31}},"loc":{"start":{"line":5,"column":68},"end":{"line":5,"column":null}},"line":5},"1":{"name":"(anonymous_1)","decl":{"start":{"line":7,"column":8},"end":{"line":7,"column":16}},"loc":{"start":{"line":7,"column":71},"end":{"line":14,"column":null}},"line":7}},"branchMap":{"0":{"loc":{"start":{"line":8,"column":4},"end":{"line":8,"column":null}},"type":"if","locations":[{"start":{"line":8,"column":4},"end":{"line":8,"column":null}},{"start":{},"end":{}}],"line":8},"1":{"loc":{"start":{"line":10,"column":4},"end":{"line":12,"column":null}},"type":"if","locations":[{"start":{"line":10,"column":4},"end":{"line":12,"column":null}},{"start":{},"end":{}}],"line":10}},"s":{"0":3,"1":3,"2":1,"3":2,"4":1,"5":1},"f":{"0":3,"1":3},"b":{"0":[1,2],"1":[1,1]},"meta":{"lastBranch":2,"lastFunction":2,"lastStatement":6,"seen":{"f:5:2:5:31":0,"s:5:31:5:68":0,"f:7:8:7:16":1,"b:8:4:8:Infinity:undefined:undefined:undefined:undefined":0,"s:8:4:8:Infinity":1,"s:8:19:8:Infinity":2,"b:10:4:12:Infinity:undefined:undefined:undefined:undefined":1,"s:10:4:12:Infinity":3,"s:11:6:11:Infinity":4,"s:13:4:13:Infinity":5}}}
,"C:\\Users\\meler\\Calculadora-Cotizaciones-SIMAR\\src\\main\\infrastructure\\database\\repositories\\SqliteAuditRepository.ts": {"path":"C:\\Users\\meler\\Calculadora-Cotizaciones-SIMAR\\src\\main\\infrastructure\\database\\repositories\\SqliteAuditRepository.ts","statementMap":{"0":{"start":{"line":5,"column":31},"end":{"line":5,"column":45}},"1":{"start":{"line":8,"column":17},"end":{"line":11,"column":null}},"2":{"start":{"line":13,"column":4},"end":{"line":20,"column":null}}},"fnMap":{"0":{"name":"(anonymous_0)","decl":{"start":{"line":5,"column":2},"end":{"line":5,"column":31}},"loc":{"start":{"line":5,"column":45},"end":{"line":5,"column":null}},"line":5},"1":{"name":"(anonymous_1)","decl":{"start":{"line":7,"column":2},"end":{"line":7,"column":12}},"loc":{"start":{"line":7,"column":35},"end":{"line":21,"column":null}},"line":7}},"branchMap":{"0":{"loc":{"start":{"line":17,"column":16},"end":{"line":17,"column":null}},"type":"cond-expr","locations":[{"start":{"line":17,"column":33},"end":{"line":17,"column":58}},{"start":{"line":17,"column":58},"end":{"line":17,"column":null}}],"line":17},"1":{"loc":{"start":{"line":18,"column":15},"end":{"line":18,"column":null}},"type":"binary-expr","locations":[{"start":{"line":18,"column":15},"end":{"line":18,"column":32}},{"start":{"line":18,"column":32},"end":{"line":18,"column":null}}],"line":18},"2":{"loc":{"start":{"line":19,"column":17},"end":{"line":19,"column":null}},"type":"binary-expr","locations":[{"start":{"line":19,"column":17},"end":{"line":19,"column":36}},{"start":{"line":19,"column":36},"end":{"line":19,"column":null}}],"line":19}},"s":{"0":2,"1":2,"2":2},"f":{"0":2,"1":2},"b":{"0":[1,1],"1":[2,1],"2":[2,1]},"meta":{"lastBranch":3,"lastFunction":2,"lastStatement":3,"seen":{"f:5:2:5:31":0,"s:5:31:5:45":0,"f:7:2:7:12":1,"s:8:17:11:Infinity":1,"s:13:4:20:Infinity":2,"b:17:33:17:58:17:58:17:Infinity":0,"b:18:15:18:32:18:32:18:Infinity":1,"b:19:17:19:36:19:36:19:Infinity":2}}}
,"C:\\Users\\meler\\Calculadora-Cotizaciones-SIMAR\\src\\main\\infrastructure\\database\\repositories\\SqliteAuthRepository.ts": {"path":"C:\\Users\\meler\\Calculadora-Cotizaciones-SIMAR\\src\\main\\infrastructure\\database\\repositories\\SqliteAuthRepository.ts","statementMap":{"0":{"start":{"line":6,"column":31},"end":{"line":6,"column":45}},"1":{"start":{"line":9,"column":17},"end":{"line":13,"column":null}},"2":{"start":{"line":15,"column":17},"end":{"line":15,"column":null}},"3":{"start":{"line":16,"column":4},"end":{"line":16,"column":null}}},"fnMap":{"0":{"name":"(anonymous_0)","decl":{"start":{"line":6,"column":2},"end":{"line":6,"column":31}},"loc":{"start":{"line":6,"column":45},"end":{"line":6,"column":null}},"line":6},"1":{"name":"(anonymous_1)","decl":{"start":{"line":8,"column":2},"end":{"line":8,"column":17}},"loc":{"start":{"line":8,"column":44},"end":{"line":17,"column":null}},"line":8}},"branchMap":{"0":{"loc":{"start":{"line":16,"column":11},"end":{"line":16,"column":null}},"type":"binary-expr","locations":[{"start":{"line":16,"column":11},"end":{"line":16,"column":19}},{"start":{"line":16,"column":19},"end":{"line":16,"column":null}}],"line":16}},"s":{"0":3,"1":3,"2":3,"3":3},"f":{"0":3,"1":3},"b":{"0":[3,1]},"meta":{"lastBranch":1,"lastFunction":2,"lastStatement":4,"seen":{"f:6:2:6:31":0,"s:6:31:6:45":0,"f:8:2:8:17":1,"s:9:17:13:Infinity":1,"s:15:17:15:Infinity":2,"s:16:4:16:Infinity":3,"b:16:11:16:19:16:19:16:Infinity":0}}}
,"C:\\Users\\meler\\Calculadora-Cotizaciones-SIMAR\\src\\main\\infrastructure\\database\\repositories\\SqliteCatalogRepository.ts": {"path":"C:\\Users\\meler\\Calculadora-Cotizaciones-SIMAR\\src\\main\\infrastructure\\database\\repositories\\SqliteCatalogRepository.ts","statementMap":{"0":{"start":{"line":4,"column":31},"end":{"line":4,"column":45}},"1":{"start":{"line":7,"column":17},"end":{"line":7,"column":null}},"2":{"start":{"line":8,"column":4},"end":{"line":8,"column":null}},"3":{"start":{"line":12,"column":17},"end":{"line":15,"column":null}},"4":{"start":{"line":16,"column":4},"end":{"line":16,"column":null}},"5":{"start":{"line":20,"column":17},"end":{"line":20,"column":null}},"6":{"start":{"line":21,"column":4},"end":{"line":21,"column":null}},"7":{"start":{"line":25,"column":17},"end":{"line":25,"column":null}},"8":{"start":{"line":26,"column":4},"end":{"line":26,"column":null}},"9":{"start":{"line":30,"column":17},"end":{"line":33,"column":null}},"10":{"start":{"line":34,"column":4},"end":{"line":34,"column":null}},"11":{"start":{"line":38,"column":17},"end":{"line":38,"column":null}},"12":{"start":{"line":39,"column":4},"end":{"line":39,"column":null}},"13":{"start":{"line":43,"column":17},"end":{"line":43,"column":null}},"14":{"start":{"line":44,"column":4},"end":{"line":44,"column":null}},"15":{"start":{"line":48,"column":17},"end":{"line":51,"column":null}},"16":{"start":{"line":52,"column":4},"end":{"line":52,"column":null}},"17":{"start":{"line":56,"column":17},"end":{"line":56,"column":null}},"18":{"start":{"line":57,"column":4},"end":{"line":57,"column":null}},"19":{"start":{"line":61,"column":17},"end":{"line":61,"column":null}},"20":{"start":{"line":62,"column":4},"end":{"line":62,"column":null}},"21":{"start":{"line":66,"column":17},"end":{"line":66,"column":null}},"22":{"start":{"line":67,"column":4},"end":{"line":67,"column":null}}},"fnMap":{"0":{"name":"(anonymous_0)","decl":{"start":{"line":4,"column":2},"end":{"line":4,"column":31}},"loc":{"start":{"line":4,"column":45},"end":{"line":4,"column":null}},"line":4},"1":{"name":"(anonymous_1)","decl":{"start":{"line":6,"column":2},"end":{"line":6,"column":19}},"loc":{"start":{"line":6,"column":19},"end":{"line":9,"column":null}},"line":6},"2":{"name":"(anonymous_2)","decl":{"start":{"line":11,"column":2},"end":{"line":11,"column":13}},"loc":{"start":{"line":11,"column":87},"end":{"line":17,"column":null}},"line":11},"3":{"name":"(anonymous_3)","decl":{"start":{"line":19,"column":2},"end":{"line":19,"column":16}},"loc":{"start":{"line":19,"column":28},"end":{"line":22,"column":null}},"line":19},"4":{"name":"(anonymous_4)","decl":{"start":{"line":24,"column":2},"end":{"line":24,"column":19}},"loc":{"start":{"line":24,"column":19},"end":{"line":27,"column":null}},"line":24},"5":{"name":"(anonymous_5)","decl":{"start":{"line":29,"column":2},"end":{"line":29,"column":12}},"loc":{"start":{"line":29,"column":64},"end":{"line":35,"column":null}},"line":29},"6":{"name":"(anonymous_6)","decl":{"start":{"line":37,"column":2},"end":{"line":37,"column":15}},"loc":{"start":{"line":37,"column":27},"end":{"line":40,"column":null}},"line":37},"7":{"name":"(anonymous_7)","decl":{"start":{"line":42,"column":2},"end":{"line":42,"column":21}},"loc":{"start":{"line":42,"column":21},"end":{"line":45,"column":null}},"line":42},"8":{"name":"(anonymous_8)","decl":{"start":{"line":47,"column":2},"end":{"line":47,"column":15}},"loc":{"start":{"line":47,"column":46},"end":{"line":53,"column":null}},"line":47},"9":{"name":"(anonymous_9)","decl":{"start":{"line":55,"column":2},"end":{"line":55,"column":18}},"loc":{"start":{"line":55,"column":30},"end":{"line":58,"column":null}},"line":55},"10":{"name":"(anonymous_10)","decl":{"start":{"line":60,"column":2},"end":{"line":60,"column":21}},"loc":{"start":{"line":60,"column":51},"end":{"line":63,"column":null}},"line":60},"11":{"name":"(anonymous_11)","decl":{"start":{"line":65,"column":2},"end":{"line":65,"column":20}},"loc":{"start":{"line":65,"column":50},"end":{"line":68,"column":null}},"line":65}},"branchMap":{},"s":{"0":8,"1":2,"2":2,"3":4,"4":4,"5":1,"6":1,"7":2,"8":2,"9":3,"10":3,"11":1,"12":1,"13":2,"14":2,"15":2,"16":2,"17":1,"18":1,"19":1,"20":1,"21":1,"22":1},"f":{"0":8,"1":2,"2":4,"3":1,"4":2,"5":3,"6":1,"7":2,"8":2,"9":1,"10":1,"11":1},"b":{},"meta":{"lastBranch":0,"lastFunction":12,"lastStatement":23,"seen":{"f:4:2:4:31":0,"s:4:31:4:45":0,"f:6:2:6:19":1,"s:7:17:7:Infinity":1,"s:8:4:8:Infinity":2,"f:11:2:11:13":2,"s:12:17:15:Infinity":3,"s:16:4:16:Infinity":4,"f:19:2:19:16":3,"s:20:17:20:Infinity":5,"s:21:4:21:Infinity":6,"f:24:2:24:19":4,"s:25:17:25:Infinity":7,"s:26:4:26:Infinity":8,"f:29:2:29:12":5,"s:30:17:33:Infinity":9,"s:34:4:34:Infinity":10,"f:37:2:37:15":6,"s:38:17:38:Infinity":11,"s:39:4:39:Infinity":12,"f:42:2:42:21":7,"s:43:17:43:Infinity":13,"s:44:4:44:Infinity":14,"f:47:2:47:15":8,"s:48:17:51:Infinity":15,"s:52:4:52:Infinity":16,"f:55:2:55:18":9,"s:56:17:56:Infinity":17,"s:57:4:57:Infinity":18,"f:60:2:60:21":10,"s:61:17:61:Infinity":19,"s:62:4:62:Infinity":20,"f:65:2:65:20":11,"s:66:17:66:Infinity":21,"s:67:4:67:Infinity":22}}}
,"C:\\Users\\meler\\Calculadora-Cotizaciones-SIMAR\\src\\main\\infrastructure\\database\\repositories\\SqliteQuoteRepository.ts": {"path":"C:\\Users\\meler\\Calculadora-Cotizaciones-SIMAR\\src\\main\\infrastructure\\database\\repositories\\SqliteQuoteRepository.ts","statementMap":{"0":{"start":{"line":27,"column":31},"end":{"line":27,"column":45}},"1":{"start":{"line":30,"column":19},"end":{"line":40,"column":null}},"2":{"start":{"line":42,"column":4},"end":{"line":58,"column":null}},"3":{"start":{"line":43,"column":19},"end":{"line":54,"column":null}},"4":{"start":{"line":56,"column":6},"end":{"line":56,"column":null}},"5":{"start":{"line":57,"column":6},"end":{"line":57,"column":null}},"6":{"start":{"line":60,"column":17},"end":{"line":68,"column":null}},"7":{"start":{"line":70,"column":17},"end":{"line":70,"column":null}},"8":{"start":{"line":71,"column":4},"end":{"line":71,"column":null}},"9":{"start":{"line":75,"column":4},"end":{"line":94,"column":null}},"10":{"start":{"line":76,"column":38},"end":{"line":76,"column":null}},"11":{"start":{"line":78,"column":18},"end":{"line":78,"column":null}},"12":{"start":{"line":79,"column":28},"end":{"line":81,"column":null}},"13":{"start":{"line":83,"column":24},"end":{"line":83,"column":null}},"14":{"start":{"line":83,"column":46},"end":{"line":83,"column":54}},"15":{"start":{"line":84,"column":28},"end":{"line":84,"column":null}},"16":{"start":{"line":84,"column":54},"end":{"line":84,"column":92}},"17":{"start":{"line":86,"column":6},"end":{"line":93,"column":null}},"18":{"start":{"line":98,"column":17},"end":{"line":103,"column":null}},"19":{"start":{"line":104,"column":4},"end":{"line":104,"column":null}},"20":{"start":{"line":108,"column":17},"end":{"line":113,"column":null}},"21":{"start":{"line":114,"column":4},"end":{"line":114,"column":null}},"22":{"start":{"line":118,"column":17},"end":{"line":118,"column":null}},"23":{"start":{"line":119,"column":16},"end":{"line":119,"column":null}},"24":{"start":{"line":120,"column":4},"end":{"line":120,"column":null}},"25":{"start":{"line":120,"column":14},"end":{"line":120,"column":null}},"26":{"start":{"line":121,"column":4},"end":{"line":121,"column":null}},"27":{"start":{"line":125,"column":17},"end":{"line":125,"column":null}},"28":{"start":{"line":126,"column":16},"end":{"line":126,"column":null}},"29":{"start":{"line":127,"column":4},"end":{"line":127,"column":null}},"30":{"start":{"line":127,"column":14},"end":{"line":127,"column":null}},"31":{"start":{"line":128,"column":4},"end":{"line":128,"column":null}},"32":{"start":{"line":132,"column":4},"end":{"line":145,"column":null}},"33":{"start":{"line":149,"column":10},"end":{"line":149,"column":null}},"34":{"start":{"line":150,"column":24},"end":{"line":150,"column":null}},"35":{"start":{"line":152,"column":22},"end":{"line":152,"column":null}},"36":{"start":{"line":153,"column":16},"end":{"line":153,"column":null}},"37":{"start":{"line":155,"column":4},"end":{"line":155,"column":null}},"38":{"start":{"line":155,"column":14},"end":{"line":155,"column":null}},"39":{"start":{"line":157,"column":19},"end":{"line":157,"column":null}},"40":{"start":{"line":158,"column":4},"end":{"line":164,"column":null}},"41":{"start":{"line":159,"column":24},"end":{"line":159,"column":null}},"42":{"start":{"line":160,"column":24},"end":{"line":160,"column":null}},"43":{"start":{"line":162,"column":27},"end":{"line":162,"column":null}},"44":{"start":{"line":163,"column":6},"end":{"line":163,"column":null}},"45":{"start":{"line":166,"column":22},"end":{"line":166,"column":null}},"46":{"start":{"line":167,"column":24},"end":{"line":167,"column":null}},"47":{"start":{"line":169,"column":24},"end":{"line":176,"column":null}},"48":{"start":{"line":170,"column":19},"end":{"line":170,"column":null}},"49":{"start":{"line":172,"column":6},"end":{"line":174,"column":null}},"50":{"start":{"line":173,"column":8},"end":{"line":173,"column":null}},"51":{"start":{"line":175,"column":6},"end":{"line":175,"column":null}},"52":{"start":{"line":178,"column":4},"end":{"line":178,"column":null}}},"fnMap":{"0":{"name":"(anonymous_0)","decl":{"start":{"line":27,"column":2},"end":{"line":27,"column":31}},"loc":{"start":{"line":27,"column":45},"end":{"line":27,"column":null}},"line":27},"1":{"name":"(anonymous_1)","decl":{"start":{"line":29,"column":2},"end":{"line":29,"column":12}},"loc":{"start":{"line":29,"column":48},"end":{"line":72,"column":null}},"line":29},"2":{"name":"(anonymous_2)","decl":{"start":{"line":74,"column":10},"end":{"line":74,"column":29}},"loc":{"start":{"line":74,"column":58},"end":{"line":95,"column":null}},"line":74},"3":{"name":"(anonymous_3)","decl":{"start":{"line":75,"column":20},"end":{"line":75,"column":27}},"loc":{"start":{"line":75,"column":27},"end":{"line":94,"column":5}},"line":75},"4":{"name":"(anonymous_4)","decl":{"start":{"line":83,"column":41},"end":{"line":83,"column":46}},"loc":{"start":{"line":83,"column":46},"end":{"line":83,"column":54}},"line":83},"5":{"name":"(anonymous_5)","decl":{"start":{"line":84,"column":42},"end":{"line":84,"column":43}},"loc":{"start":{"line":84,"column":54},"end":{"line":84,"column":92}},"line":84},"6":{"name":"(anonymous_6)","decl":{"start":{"line":97,"column":2},"end":{"line":97,"column":30}},"loc":{"start":{"line":97,"column":30},"end":{"line":105,"column":null}},"line":97},"7":{"name":"(anonymous_7)","decl":{"start":{"line":107,"column":2},"end":{"line":107,"column":36}},"loc":{"start":{"line":107,"column":36},"end":{"line":115,"column":null}},"line":107},"8":{"name":"(anonymous_8)","decl":{"start":{"line":117,"column":2},"end":{"line":117,"column":15}},"loc":{"start":{"line":117,"column":46},"end":{"line":122,"column":null}},"line":117},"9":{"name":"(anonymous_9)","decl":{"start":{"line":124,"column":2},"end":{"line":124,"column":15}},"loc":{"start":{"line":124,"column":46},"end":{"line":129,"column":null}},"line":124},"10":{"name":"(anonymous_10)","decl":{"start":{"line":131,"column":10},"end":{"line":131,"column":24}},"loc":{"start":{"line":131,"column":54},"end":{"line":146,"column":null}},"line":131},"11":{"name":"(anonymous_11)","decl":{"start":{"line":148,"column":2},"end":{"line":148,"column":13}},"loc":{"start":{"line":148,"column":34},"end":{"line":179,"column":null}},"line":148},"12":{"name":"(anonymous_12)","decl":{"start":{"line":169,"column":44},"end":{"line":169,"column":50}},"loc":{"start":{"line":169,"column":50},"end":{"line":176,"column":5}},"line":169}},"branchMap":{"0":{"loc":{"start":{"line":36,"column":16},"end":{"line":36,"column":null}},"type":"binary-expr","locations":[{"start":{"line":36,"column":16},"end":{"line":36,"column":34}},{"start":{"line":36,"column":34},"end":{"line":36,"column":null}}],"line":36},"1":{"loc":{"start":{"line":37,"column":13},"end":{"line":37,"column":null}},"type":"binary-expr","locations":[{"start":{"line":37,"column":13},"end":{"line":37,"column":28}},{"start":{"line":37,"column":28},"end":{"line":37,"column":null}}],"line":37},"2":{"loc":{"start":{"line":38,"column":17},"end":{"line":38,"column":null}},"type":"binary-expr","locations":[{"start":{"line":38,"column":17},"end":{"line":38,"column":36}},{"start":{"line":38,"column":36},"end":{"line":38,"column":null}}],"line":38},"3":{"loc":{"start":{"line":39,"column":23},"end":{"line":39,"column":null}},"type":"binary-expr","locations":[{"start":{"line":39,"column":23},"end":{"line":39,"column":48}},{"start":{"line":39,"column":48},"end":{"line":39,"column":null}}],"line":39},"4":{"loc":{"start":{"line":42,"column":4},"end":{"line":58,"column":null}},"type":"if","locations":[{"start":{"line":42,"column":4},"end":{"line":58,"column":null}},{"start":{},"end":{}}],"line":42},"5":{"loc":{"start":{"line":57,"column":13},"end":{"line":57,"column":null}},"type":"cond-expr","locations":[{"start":{"line":57,"column":44},"end":{"line":57,"column":69}},{"start":{"line":57,"column":69},"end":{"line":57,"column":null}}],"line":57},"6":{"loc":{"start":{"line":76,"column":49},"end":{"line":76,"column":74}},"type":"binary-expr","locations":[{"start":{"line":76,"column":49},"end":{"line":76,"column":70}},{"start":{"line":76,"column":70},"end":{"line":76,"column":74}}],"line":76},"7":{"loc":{"start":{"line":79,"column":28},"end":{"line":81,"column":null}},"type":"cond-expr","locations":[{"start":{"line":80,"column":10},"end":{"line":80,"column":null}},{"start":{"line":81,"column":10},"end":{"line":81,"column":null}}],"line":79},"8":{"loc":{"start":{"line":89,"column":18},"end":{"line":89,"column":null}},"type":"cond-expr","locations":[{"start":{"line":89,"column":40},"end":{"line":89,"column":91}},{"start":{"line":89,"column":91},"end":{"line":89,"column":null}}],"line":89},"9":{"loc":{"start":{"line":90,"column":23},"end":{"line":90,"column":null}},"type":"binary-expr","locations":[{"start":{"line":90,"column":23},"end":{"line":90,"column":40}},{"start":{"line":90,"column":40},"end":{"line":90,"column":null}}],"line":90},"10":{"loc":{"start":{"line":120,"column":4},"end":{"line":120,"column":null}},"type":"if","locations":[{"start":{"line":120,"column":4},"end":{"line":120,"column":null}},{"start":{},"end":{}}],"line":120},"11":{"loc":{"start":{"line":127,"column":4},"end":{"line":127,"column":null}},"type":"if","locations":[{"start":{"line":127,"column":4},"end":{"line":127,"column":null}},{"start":{},"end":{}}],"line":127},"12":{"loc":{"start":{"line":134,"column":13},"end":{"line":134,"column":null}},"type":"binary-expr","locations":[{"start":{"line":134,"column":13},"end":{"line":134,"column":26}},{"start":{"line":134,"column":26},"end":{"line":134,"column":null}}],"line":134},"13":{"loc":{"start":{"line":135,"column":23},"end":{"line":135,"column":null}},"type":"binary-expr","locations":[{"start":{"line":135,"column":23},"end":{"line":135,"column":48}},{"start":{"line":135,"column":48},"end":{"line":135,"column":null}}],"line":135},"14":{"loc":{"start":{"line":139,"column":28},"end":{"line":139,"column":54}},"type":"binary-expr","locations":[{"start":{"line":139,"column":28},"end":{"line":139,"column":50}},{"start":{"line":139,"column":50},"end":{"line":139,"column":54}}],"line":139},"15":{"loc":{"start":{"line":140,"column":27},"end":{"line":140,"column":52}},"type":"binary-expr","locations":[{"start":{"line":140,"column":27},"end":{"line":140,"column":48}},{"start":{"line":140,"column":48},"end":{"line":140,"column":52}}],"line":140},"16":{"loc":{"start":{"line":155,"column":4},"end":{"line":155,"column":null}},"type":"if","locations":[{"start":{"line":155,"column":4},"end":{"line":155,"column":null}},{"start":{},"end":{}}],"line":155},"17":{"loc":{"start":{"line":158,"column":4},"end":{"line":164,"column":null}},"type":"if","locations":[{"start":{"line":158,"column":4},"end":{"line":164,"column":null}},{"start":{},"end":{}}],"line":158},"18":{"loc":{"start":{"line":172,"column":6},"end":{"line":174,"column":null}},"type":"if","locations":[{"start":{"line":172,"column":6},"end":{"line":174,"column":null}},{"start":{},"end":{}}],"line":172},"19":{"loc":{"start":{"line":172,"column":10},"end":{"line":172,"column":53}},"type":"binary-expr","locations":[{"start":{"line":172,"column":10},"end":{"line":172,"column":30}},{"start":{"line":172,"column":30},"end":{"line":172,"column":53}}],"line":172}},"s":{"0":8,"1":10,"2":10,"3":1,"4":1,"5":1,"6":9,"7":9,"8":9,"9":2,"10":3,"11":3,"12":3,"13":3,"14":3,"15":3,"16":3,"17":3,"18":1,"19":1,"20":1,"21":1,"22":3,"23":3,"24":3,"25":2,"26":1,"27":0,"28":0,"29":0,"30":0,"31":0,"32":1,"33":5,"34":5,"35":5,"36":5,"37":5,"38":1,"39":4,"40":4,"41":3,"42":3,"43":3,"44":3,"45":4,"46":4,"47":4,"48":4,"49":4,"50":0,"51":4,"52":4},"f":{"0":8,"1":10,"2":2,"3":3,"4":3,"5":3,"6":1,"7":1,"8":3,"9":0,"10":1,"11":5,"12":4},"b":{"0":[10,10],"1":[10,10],"2":[10,0],"3":[10,10],"4":[1,9],"5":[0,1],"6":[3,0],"7":[3,0],"8":[0,3],"9":[3,0],"10":[2,1],"11":[0,0],"12":[1,1],"13":[1,1],"14":[1,0],"15":[1,0],"16":[1,4],"17":[3,1],"18":[0,4],"19":[4,3]},"meta":{"lastBranch":20,"lastFunction":13,"lastStatement":53,"seen":{"f:27:2:27:31":0,"s:27:31:27:45":0,"f:29:2:29:12":1,"s:30:19:40:Infinity":1,"b:36:16:36:34:36:34:36:Infinity":0,"b:37:13:37:28:37:28:37:Infinity":1,"b:38:17:38:36:38:36:38:Infinity":2,"b:39:23:39:48:39:48:39:Infinity":3,"b:42:4:58:Infinity:undefined:undefined:undefined:undefined":4,"s:42:4:58:Infinity":2,"s:43:19:54:Infinity":3,"s:56:6:56:Infinity":4,"s:57:6:57:Infinity":5,"b:57:44:57:69:57:69:57:Infinity":5,"s:60:17:68:Infinity":6,"s:70:17:70:Infinity":7,"s:71:4:71:Infinity":8,"f:74:10:74:29":2,"s:75:4:94:Infinity":9,"f:75:20:75:27":3,"s:76:38:76:Infinity":10,"b:76:49:76:70:76:70:76:74":6,"s:78:18:78:Infinity":11,"s:79:28:81:Infinity":12,"b:80:10:80:Infinity:81:10:81:Infinity":7,"s:83:24:83:Infinity":13,"f:83:41:83:46":4,"s:83:46:83:54":14,"s:84:28:84:Infinity":15,"f:84:42:84:43":5,"s:84:54:84:92":16,"s:86:6:93:Infinity":17,"b:89:40:89:91:89:91:89:Infinity":8,"b:90:23:90:40:90:40:90:Infinity":9,"f:97:2:97:30":6,"s:98:17:103:Infinity":18,"s:104:4:104:Infinity":19,"f:107:2:107:36":7,"s:108:17:113:Infinity":20,"s:114:4:114:Infinity":21,"f:117:2:117:15":8,"s:118:17:118:Infinity":22,"s:119:16:119:Infinity":23,"b:120:4:120:Infinity:undefined:undefined:undefined:undefined":10,"s:120:4:120:Infinity":24,"s:120:14:120:Infinity":25,"s:121:4:121:Infinity":26,"f:124:2:124:15":9,"s:125:17:125:Infinity":27,"s:126:16:126:Infinity":28,"b:127:4:127:Infinity:undefined:undefined:undefined:undefined":11,"s:127:4:127:Infinity":29,"s:127:14:127:Infinity":30,"s:128:4:128:Infinity":31,"f:131:10:131:24":10,"s:132:4:145:Infinity":32,"b:134:13:134:26:134:26:134:Infinity":12,"b:135:23:135:48:135:48:135:Infinity":13,"b:139:28:139:50:139:50:139:54":14,"b:140:27:140:48:140:48:140:52":15,"f:148:2:148:13":11,"s:149:10:149:Infinity":33,"s:150:24:150:Infinity":34,"s:152:22:152:Infinity":35,"s:153:16:153:Infinity":36,"b:155:4:155:Infinity:undefined:undefined:undefined:undefined":16,"s:155:4:155:Infinity":37,"s:155:14:155:Infinity":38,"s:157:19:157:Infinity":39,"b:158:4:164:Infinity:undefined:undefined:undefined:undefined":17,"s:158:4:164:Infinity":40,"s:159:24:159:Infinity":41,"s:160:24:160:Infinity":42,"s:162:27:162:Infinity":43,"s:163:6:163:Infinity":44,"s:166:22:166:Infinity":45,"s:167:24:167:Infinity":46,"s:169:24:176:Infinity":47,"f:169:44:169:50":12,"s:170:19:170:Infinity":48,"b:172:6:174:Infinity:undefined:undefined:undefined:undefined":18,"s:172:6:174:Infinity":49,"b:172:10:172:30:172:30:172:53":19,"s:173:8:173:Infinity":50,"s:175:6:175:Infinity":51,"s:178:4:178:Infinity":52}}}
,"C:\\Users\\meler\\Calculadora-Cotizaciones-SIMAR\\src\\main\\infrastructure\\database\\repositories\\SqliteWorkerRepository.ts": {"path":"C:\\Users\\meler\\Calculadora-Cotizaciones-SIMAR\\src\\main\\infrastructure\\database\\repositories\\SqliteWorkerRepository.ts","statementMap":{"0":{"start":{"line":6,"column":22},"end":{"line":6,"column":36}},"1":{"start":{"line":9,"column":17},"end":{"line":12,"column":null}},"2":{"start":{"line":13,"column":4},"end":{"line":13,"column":null}}},"fnMap":{"0":{"name":"(anonymous_0)","decl":{"start":{"line":6,"column":2},"end":{"line":6,"column":22}},"loc":{"start":{"line":6,"column":36},"end":{"line":6,"column":null}},"line":6},"1":{"name":"(anonymous_1)","decl":{"start":{"line":8,"column":2},"end":{"line":8,"column":7}},"loc":{"start":{"line":8,"column":27},"end":{"line":14,"column":null}},"line":8}},"branchMap":{},"s":{"0":2,"1":3,"2":3},"f":{"0":2,"1":3},"b":{},"meta":{"lastBranch":0,"lastFunction":2,"lastStatement":3,"seen":{"f:6:2:6:22":0,"s:6:22:6:36":0,"f:8:2:8:7":1,"s:9:17:12:Infinity":1,"s:13:4:13:Infinity":2}}}
,"C:\\Users\\meler\\Calculadora-Cotizaciones-SIMAR\\src\\renderer\\src\\assets\\logo.png": {"path":"C:\\Users\\meler\\Calculadora-Cotizaciones-SIMAR\\src\\renderer\\src\\assets\\logo.png","statementMap":{},"fnMap":{},"branchMap":{},"s":{},"f":{},"b":{},"meta":{"lastBranch":0,"lastFunction":0,"lastStatement":0,"seen":{}}}
,"C:\\Users\\meler\\Calculadora-Cotizaciones-SIMAR\\src\\renderer\\src\\features\\auth\\LoginView.tsx": {"path":"C:\\Users\\meler\\Calculadora-Cotizaciones-SIMAR\\src\\renderer\\src\\features\\auth\\LoginView.tsx","statementMap":{"0":{"start":{"line":10,"column":25},"end":{"line":74,"column":null}},"1":{"start":{"line":11,"column":49},"end":{"line":11,"column":null}},"2":{"start":{"line":12,"column":37},"end":{"line":12,"column":null}},"3":{"start":{"line":16,"column":2},"end":{"line":72,"column":null}}},"fnMap":{"0":{"name":"(anonymous_0)","decl":{"start":{"line":10,"column":25},"end":{"line":10,"column":26}},"loc":{"start":{"line":10,"column":77},"end":{"line":74,"column":null}},"line":10}},"branchMap":{"0":{"loc":{"start":{"line":47,"column":11},"end":{"line":48,"column":null}},"type":"binary-expr","locations":[{"start":{"line":47,"column":11},"end":{"line":47,"column":null}},{"start":{"line":48,"column":12},"end":{"line":48,"column":null}}],"line":47},"1":{"loc":{"start":{"line":56,"column":13},"end":{"line":56,"column":null}},"type":"cond-expr","locations":[{"start":{"line":56,"column":25},"end":{"line":56,"column":128}},{"start":{"line":56,"column":128},"end":{"line":56,"column":null}}],"line":56}},"s":{"0":1,"1":4,"2":4,"3":4},"f":{"0":4},"b":{"0":[4,1],"1":[1,3]},"meta":{"lastBranch":2,"lastFunction":1,"lastStatement":4,"seen":{"s:10:25:74:Infinity":0,"f:10:25:10:26":0,"s:11:49:11:Infinity":1,"s:12:37:12:Infinity":2,"s:16:2:72:Infinity":3,"b:47:11:47:Infinity:48:12:48:Infinity":0,"b:56:25:56:128:56:128:56:Infinity":1}}}
,"C:\\Users\\meler\\Calculadora-Cotizaciones-SIMAR\\src\\renderer\\src\\features\\auth\\hooks\\useLoginForm.ts": {"path":"C:\\Users\\meler\\Calculadora-Cotizaciones-SIMAR\\src\\renderer\\src\\features\\auth\\hooks\\useLoginForm.ts","statementMap":{"0":{"start":{"line":9,"column":28},"end":{"line":36,"column":null}},"1":{"start":{"line":10,"column":8},"end":{"line":10,"column":null}},"2":{"start":{"line":11,"column":30},"end":{"line":11,"column":null}},"3":{"start":{"line":12,"column":32},"end":{"line":12,"column":null}},"4":{"start":{"line":14,"column":22},"end":{"line":33,"column":null}},"5":{"start":{"line":15,"column":4},"end":{"line":15,"column":null}},"6":{"start":{"line":16,"column":4},"end":{"line":16,"column":null}},"7":{"start":{"line":18,"column":4},"end":{"line":32,"column":null}},"8":{"start":{"line":19,"column":23},"end":{"line":19,"column":null}},"9":{"start":{"line":21,"column":6},"end":{"line":26,"column":null}},"10":{"start":{"line":22,"column":8},"end":{"line":22,"column":null}},"11":{"start":{"line":23,"column":8},"end":{"line":23,"column":null}},"12":{"start":{"line":25,"column":8},"end":{"line":25,"column":null}},"13":{"start":{"line":28,"column":6},"end":{"line":28,"column":null}},"14":{"start":{"line":29,"column":6},"end":{"line":29,"column":null}},"15":{"start":{"line":31,"column":6},"end":{"line":31,"column":null}},"16":{"start":{"line":35,"column":2},"end":{"line":35,"column":null}}},"fnMap":{"0":{"name":"(anonymous_0)","decl":{"start":{"line":9,"column":28},"end":{"line":9,"column":29}},"loc":{"start":{"line":9,"column":60},"end":{"line":36,"column":null}},"line":9},"1":{"name":"(anonymous_1)","decl":{"start":{"line":14,"column":22},"end":{"line":14,"column":29}},"loc":{"start":{"line":14,"column":55},"end":{"line":33,"column":null}},"line":14}},"branchMap":{"0":{"loc":{"start":{"line":21,"column":6},"end":{"line":26,"column":null}},"type":"if","locations":[{"start":{"line":21,"column":6},"end":{"line":26,"column":null}},{"start":{"line":24,"column":13},"end":{"line":26,"column":null}}],"line":21},"1":{"loc":{"start":{"line":21,"column":10},"end":{"line":21,"column":45}},"type":"binary-expr","locations":[{"start":{"line":21,"column":10},"end":{"line":21,"column":30}},{"start":{"line":21,"column":30},"end":{"line":21,"column":45}}],"line":21},"2":{"loc":{"start":{"line":25,"column":20},"end":{"line":25,"column":72}},"type":"binary-expr","locations":[{"start":{"line":25,"column":20},"end":{"line":25,"column":38}},{"start":{"line":25,"column":38},"end":{"line":25,"column":72}}],"line":25}},"s":{"0":2,"1":9,"2":9,"3":9,"4":9,"5":3,"6":3,"7":3,"8":3,"9":2,"10":1,"11":1,"12":1,"13":1,"14":1,"15":3,"16":9},"f":{"0":9,"1":3},"b":{"0":[1,1],"1":[2,1],"2":[1,0]},"meta":{"lastBranch":3,"lastFunction":2,"lastStatement":17,"seen":{"s:9:28:36:Infinity":0,"f:9:28:9:29":0,"s:10:8:10:Infinity":1,"s:11:30:11:Infinity":2,"s:12:32:12:Infinity":3,"s:14:22:33:Infinity":4,"f:14:22:14:29":1,"s:15:4:15:Infinity":5,"s:16:4:16:Infinity":6,"s:18:4:32:Infinity":7,"s:19:23:19:Infinity":8,"b:21:6:26:Infinity:24:13:26:Infinity":0,"s:21:6:26:Infinity":9,"b:21:10:21:30:21:30:21:45":1,"s:22:8:22:Infinity":10,"s:23:8:23:Infinity":11,"s:25:8:25:Infinity":12,"b:25:20:25:38:25:38:25:72":2,"s:28:6:28:Infinity":13,"s:29:6:29:Infinity":14,"s:31:6:31:Infinity":15,"s:35:2:35:Infinity":16}}}
,"C:\\Users\\meler\\Calculadora-Cotizaciones-SIMAR\\src\\renderer\\src\\features\\cotizacion\\DashboardView.tsx": {"path":"C:\\Users\\meler\\Calculadora-Cotizaciones-SIMAR\\src\\renderer\\src\\features\\cotizacion\\DashboardView.tsx","statementMap":{"0":{"start":{"line":8,"column":51},"end":{"line":12,"column":null}},"1":{"start":{"line":14,"column":29},"end":{"line":176,"column":null}},"2":{"start":{"line":15,"column":39},"end":{"line":15,"column":null}},"3":{"start":{"line":16,"column":36},"end":{"line":16,"column":null}},"4":{"start":{"line":25,"column":2},"end":{"line":27,"column":null}},"5":{"start":{"line":26,"column":4},"end":{"line":26,"column":null}},"6":{"start":{"line":29,"column":21},"end":{"line":33,"column":null}},"7":{"start":{"line":30,"column":4},"end":{"line":32,"column":null}},"8":{"start":{"line":35,"column":28},"end":{"line":37,"column":null}},"9":{"start":{"line":36,"column":2},"end":{"line":36,"column":null}},"10":{"start":{"line":39,"column":2},"end":{"line":174,"column":null}},"11":{"start":{"line":73,"column":35},"end":{"line":73,"column":null}},"12":{"start":{"line":74,"column":39},"end":{"line":74,"column":null}},"13":{"start":{"line":76,"column":37},"end":{"line":76,"column":null}},"14":{"start":{"line":77,"column":37},"end":{"line":77,"column":null}},"15":{"start":{"line":79,"column":16},"end":{"line":121,"column":null}},"16":{"start":{"line":103,"column":41},"end":{"line":103,"column":null}},"17":{"start":{"line":112,"column":41},"end":{"line":112,"column":null}},"18":{"start":{"line":146,"column":31},"end":{"line":146,"column":null}},"19":{"start":{"line":153,"column":18},"end":{"line":153,"column":null}},"20":{"start":{"line":154,"column":18},"end":{"line":154,"column":null}}},"fnMap":{"0":{"name":"(anonymous_0)","decl":{"start":{"line":14,"column":29},"end":{"line":14,"column":30}},"loc":{"start":{"line":14,"column":89},"end":{"line":176,"column":null}},"line":14},"1":{"name":"(anonymous_1)","decl":{"start":{"line":25,"column":21},"end":{"line":25,"column":27}},"loc":{"start":{"line":25,"column":27},"end":{"line":27,"column":3}},"line":25},"2":{"name":"(anonymous_2)","decl":{"start":{"line":29,"column":21},"end":{"line":29,"column":22}},"loc":{"start":{"line":29,"column":44},"end":{"line":33,"column":null}},"line":29},"3":{"name":"(anonymous_3)","decl":{"start":{"line":35,"column":28},"end":{"line":35,"column":29}},"loc":{"start":{"line":35,"column":44},"end":{"line":37,"column":null}},"line":35},"4":{"name":"(anonymous_4)","decl":{"start":{"line":72,"column":26},"end":{"line":72,"column":27}},"loc":{"start":{"line":72,"column":51},"end":{"line":123,"column":15}},"line":72},"5":{"name":"(anonymous_5)","decl":{"start":{"line":103,"column":35},"end":{"line":103,"column":41}},"loc":{"start":{"line":103,"column":41},"end":{"line":103,"column":null}},"line":103},"6":{"name":"(anonymous_6)","decl":{"start":{"line":112,"column":35},"end":{"line":112,"column":41}},"loc":{"start":{"line":112,"column":41},"end":{"line":112,"column":null}},"line":112},"7":{"name":"(anonymous_7)","decl":{"start":{"line":146,"column":25},"end":{"line":146,"column":31}},"loc":{"start":{"line":146,"column":31},"end":{"line":146,"column":null}},"line":146},"8":{"name":"(anonymous_8)","decl":{"start":{"line":152,"column":25},"end":{"line":152,"column":31}},"loc":{"start":{"line":152,"column":31},"end":{"line":155,"column":null}},"line":152}},"branchMap":{"0":{"loc":{"start":{"line":65,"column":15},"end":{"line":66,"column":null}},"type":"binary-expr","locations":[{"start":{"line":65,"column":15},"end":{"line":65,"column":null}},{"start":{"line":66,"column":16},"end":{"line":66,"column":null}}],"line":65},"1":{"loc":{"start":{"line":68,"column":15},"end":{"line":69,"column":null}},"type":"binary-expr","locations":[{"start":{"line":68,"column":15},"end":{"line":68,"column":27}},{"start":{"line":68,"column":27},"end":{"line":68,"column":null}},{"start":{"line":69,"column":16},"end":{"line":69,"column":null}}],"line":68},"2":{"loc":{"start":{"line":73,"column":35},"end":{"line":73,"column":null}},"type":"cond-expr","locations":[{"start":{"line":73,"column":53},"end":{"line":73,"column":91}},{"start":{"line":73,"column":91},"end":{"line":73,"column":null}}],"line":73},"3":{"loc":{"start":{"line":74,"column":39},"end":{"line":74,"column":null}},"type":"binary-expr","locations":[{"start":{"line":74,"column":39},"end":{"line":74,"column":57}},{"start":{"line":74,"column":57},"end":{"line":74,"column":null}}],"line":74},"4":{"loc":{"start":{"line":76,"column":37},"end":{"line":76,"column":null}},"type":"binary-expr","locations":[{"start":{"line":76,"column":37},"end":{"line":76,"column":60}},{"start":{"line":76,"column":60},"end":{"line":76,"column":null}}],"line":76},"5":{"loc":{"start":{"line":77,"column":37},"end":{"line":77,"column":null}},"type":"binary-expr","locations":[{"start":{"line":77,"column":37},"end":{"line":77,"column":73}},{"start":{"line":77,"column":73},"end":{"line":77,"column":89}},{"start":{"line":77,"column":89},"end":{"line":77,"column":null}}],"line":77},"6":{"loc":{"start":{"line":82,"column":75},"end":{"line":82,"column":107}},"type":"binary-expr","locations":[{"start":{"line":82,"column":75},"end":{"line":82,"column":90}},{"start":{"line":82,"column":90},"end":{"line":82,"column":107}}],"line":82},"7":{"loc":{"start":{"line":129,"column":7},"end":{"line":163,"column":null}},"type":"binary-expr","locations":[{"start":{"line":129,"column":7},"end":{"line":129,"column":null}},{"start":{"line":130,"column":8},"end":{"line":163,"column":null}}],"line":129}},"s":{"0":1,"1":1,"2":4,"3":4,"4":4,"5":0,"6":4,"7":1,"8":4,"9":0,"10":4,"11":2,"12":2,"13":2,"14":2,"15":2,"16":1,"17":0,"18":0,"19":0,"20":0},"f":{"0":4,"1":0,"2":1,"3":0,"4":2,"5":1,"6":0,"7":0,"8":0},"b":{"0":[4,1],"1":[4,3,1],"2":[1,1],"3":[2,1],"4":[2,0],"5":[2,0,0],"6":[2,0],"7":[4,0]},"meta":{"lastBranch":8,"lastFunction":9,"lastStatement":21,"seen":{"s:8:51:12:Infinity":0,"s:14:29:176:Infinity":1,"f:14:29:14:30":0,"s:15:39:15:Infinity":2,"s:16:36:16:Infinity":3,"s:25:2:27:Infinity":4,"f:25:21:25:27":1,"s:26:4:26:Infinity":5,"s:29:21:33:Infinity":6,"f:29:21:29:22":2,"s:30:4:32:Infinity":7,"s:35:28:37:Infinity":8,"f:35:28:35:29":3,"s:36:2:36:Infinity":9,"s:39:2:174:Infinity":10,"b:65:15:65:Infinity:66:16:66:Infinity":0,"b:68:15:68:27:68:27:68:Infinity:69:16:69:Infinity":1,"f:72:26:72:27":4,"s:73:35:73:Infinity":11,"b:73:53:73:91:73:91:73:Infinity":2,"s:74:39:74:Infinity":12,"b:74:39:74:57:74:57:74:Infinity":3,"s:76:37:76:Infinity":13,"b:76:37:76:60:76:60:76:Infinity":4,"s:77:37:77:Infinity":14,"b:77:37:77:73:77:73:77:89:77:89:77:Infinity":5,"s:79:16:121:Infinity":15,"b:82:75:82:90:82:90:82:107":6,"f:103:35:103:41":5,"s:103:41:103:Infinity":16,"f:112:35:112:41":6,"s:112:41:112:Infinity":17,"b:129:7:129:Infinity:130:8:163:Infinity":7,"f:146:25:146:31":7,"s:146:31:146:Infinity":18,"f:152:25:152:31":8,"s:153:18:153:Infinity":19,"s:154:18:154:Infinity":20}}}
,"C:\\Users\\meler\\Calculadora-Cotizaciones-SIMAR\\src\\renderer\\src\\features\\cotizacion\\IssuedQuotesDashboardView.tsx": {"path":"C:\\Users\\meler\\Calculadora-Cotizaciones-SIMAR\\src\\renderer\\src\\features\\cotizacion\\IssuedQuotesDashboardView.tsx","statementMap":{"0":{"start":{"line":8,"column":41},"end":{"line":158,"column":null}},"1":{"start":{"line":9,"column":51},"end":{"line":9,"column":null}},"2":{"start":{"line":18,"column":2},"end":{"line":20,"column":null}},"3":{"start":{"line":19,"column":4},"end":{"line":19,"column":null}},"4":{"start":{"line":22,"column":21},"end":{"line":26,"column":null}},"5":{"start":{"line":23,"column":4},"end":{"line":25,"column":null}},"6":{"start":{"line":28,"column":32},"end":{"line":60,"column":null}},"7":{"start":{"line":29,"column":22},"end":{"line":29,"column":null}},"8":{"start":{"line":30,"column":4},"end":{"line":59,"column":null}},"9":{"start":{"line":31,"column":28},"end":{"line":31,"column":null}},"10":{"start":{"line":33,"column":6},"end":{"line":33,"column":null}},"11":{"start":{"line":33,"column":26},"end":{"line":33,"column":null}},"12":{"start":{"line":35,"column":28},"end":{"line":42,"column":null}},"13":{"start":{"line":44,"column":23},"end":{"line":44,"column":null}},"14":{"start":{"line":46,"column":6},"end":{"line":56,"column":null}},"15":{"start":{"line":47,"column":8},"end":{"line":47,"column":null}},"16":{"start":{"line":49,"column":27},"end":{"line":49,"column":null}},"17":{"start":{"line":51,"column":8},"end":{"line":53,"column":null}},"18":{"start":{"line":52,"column":11},"end":{"line":52,"column":null}},"19":{"start":{"line":55,"column":8},"end":{"line":55,"column":null}},"20":{"start":{"line":58,"column":6},"end":{"line":58,"column":null}},"21":{"start":{"line":62,"column":2},"end":{"line":156,"column":null}},"22":{"start":{"line":96,"column":35},"end":{"line":96,"column":null}},"23":{"start":{"line":97,"column":39},"end":{"line":97,"column":null}},"24":{"start":{"line":98,"column":37},"end":{"line":98,"column":null}},"25":{"start":{"line":100,"column":16},"end":{"line":140,"column":null}},"26":{"start":{"line":120,"column":41},"end":{"line":120,"column":null}},"27":{"start":{"line":130,"column":41},"end":{"line":130,"column":null}}},"fnMap":{"0":{"name":"(anonymous_0)","decl":{"start":{"line":8,"column":41},"end":{"line":8,"column":42}},"loc":{"start":{"line":8,"column":113},"end":{"line":158,"column":null}},"line":8},"1":{"name":"(anonymous_1)","decl":{"start":{"line":18,"column":21},"end":{"line":18,"column":27}},"loc":{"start":{"line":18,"column":27},"end":{"line":20,"column":3}},"line":18},"2":{"name":"(anonymous_2)","decl":{"start":{"line":22,"column":21},"end":{"line":22,"column":22}},"loc":{"start":{"line":22,"column":44},"end":{"line":26,"column":null}},"line":22},"3":{"name":"(anonymous_3)","decl":{"start":{"line":28,"column":32},"end":{"line":28,"column":39}},"loc":{"start":{"line":28,"column":71},"end":{"line":60,"column":null}},"line":28},"4":{"name":"(anonymous_4)","decl":{"start":{"line":95,"column":32},"end":{"line":95,"column":33}},"loc":{"start":{"line":95,"column":57},"end":{"line":142,"column":15}},"line":95},"5":{"name":"(anonymous_5)","decl":{"start":{"line":120,"column":35},"end":{"line":120,"column":41}},"loc":{"start":{"line":120,"column":41},"end":{"line":120,"column":null}},"line":120},"6":{"name":"(anonymous_6)","decl":{"start":{"line":130,"column":35},"end":{"line":130,"column":41}},"loc":{"start":{"line":130,"column":41},"end":{"line":130,"column":null}},"line":130}},"branchMap":{"0":{"loc":{"start":{"line":33,"column":6},"end":{"line":33,"column":null}},"type":"if","locations":[{"start":{"line":33,"column":6},"end":{"line":33,"column":null}},{"start":{},"end":{}}],"line":33},"1":{"loc":{"start":{"line":46,"column":6},"end":{"line":56,"column":null}},"type":"if","locations":[{"start":{"line":46,"column":6},"end":{"line":56,"column":null}},{"start":{"line":54,"column":13},"end":{"line":56,"column":null}}],"line":46},"2":{"loc":{"start":{"line":49,"column":27},"end":{"line":49,"column":null}},"type":"binary-expr","locations":[{"start":{"line":49,"column":27},"end":{"line":49,"column":42}},{"start":{"line":49,"column":42},"end":{"line":49,"column":63}},{"start":{"line":49,"column":63},"end":{"line":49,"column":null}}],"line":49},"3":{"loc":{"start":{"line":51,"column":8},"end":{"line":53,"column":null}},"type":"if","locations":[{"start":{"line":51,"column":8},"end":{"line":53,"column":null}},{"start":{},"end":{}}],"line":51},"4":{"loc":{"start":{"line":51,"column":12},"end":{"line":51,"column":43}},"type":"binary-expr","locations":[{"start":{"line":51,"column":12},"end":{"line":51,"column":31}},{"start":{"line":51,"column":31},"end":{"line":51,"column":43}}],"line":51},"5":{"loc":{"start":{"line":87,"column":15},"end":{"line":88,"column":null}},"type":"binary-expr","locations":[{"start":{"line":87,"column":15},"end":{"line":87,"column":null}},{"start":{"line":88,"column":16},"end":{"line":88,"column":null}}],"line":87},"6":{"loc":{"start":{"line":91,"column":15},"end":{"line":92,"column":null}},"type":"binary-expr","locations":[{"start":{"line":91,"column":15},"end":{"line":91,"column":27}},{"start":{"line":91,"column":27},"end":{"line":91,"column":null}},{"start":{"line":92,"column":16},"end":{"line":92,"column":null}}],"line":91},"7":{"loc":{"start":{"line":96,"column":35},"end":{"line":96,"column":null}},"type":"cond-expr","locations":[{"start":{"line":96,"column":53},"end":{"line":96,"column":91}},{"start":{"line":96,"column":91},"end":{"line":96,"column":nu
[...]
column":null}},"type":"if","locations":[{"start":{"line":38,"column":6},"end":{"line":40,"column":null}},{"start":{},"end":{}}],"line":38},"6":{"loc":{"start":{"line":38,"column":10},"end":{"line":38,"column":54}},"type":"binary-expr","locations":[{"start":{"line":38,"column":10},"end":{"line":38,"column":32}},{"start":{"line":38,"column":32},"end":{"line":38,"column":54}}],"line":38},"7":{"loc":{"start":{"line":39,"column":24},"end":{"line":39,"column":85}},"type":"binary-expr","locations":[{"start":{"line":39,"column":24},"end":{"line":39,"column":43}},{"start":{"line":39,"column":43},"end":{"line":39,"column":85}}],"line":39},"8":{"loc":{"start":{"line":46,"column":19},"end":{"line":46,"column":100}},"type":"binary-expr","locations":[{"start":{"line":46,"column":19},"end":{"line":46,"column":46}},{"start":{"line":46,"column":46},"end":{"line":46,"column":100}}],"line":46},"9":{"loc":{"start":{"line":54,"column":4},"end":{"line":54,"column":null}},"type":"if","locations":[{"start":{"line":54,"column":4},"end":{"line":54,"column":null}},{"start":{},"end":{}}],"line":54},"10":{"loc":{"start":{"line":60,"column":6},"end":{"line":68,"column":null}},"type":"if","locations":[{"start":{"line":60,"column":6},"end":{"line":68,"column":null}},{"start":{"line":62,"column":13},"end":{"line":68,"column":null}}],"line":60},"11":{"loc":{"start":{"line":63,"column":8},"end":{"line":67,"column":null}},"type":"if","locations":[{"start":{"line":63,"column":8},"end":{"line":67,"column":null}},{"start":{"line":65,"column":15},"end":{"line":67,"column":null}}],"line":63},"12":{"loc":{"start":{"line":66,"column":22},"end":{"line":66,"column":71}},"type":"binary-expr","locations":[{"start":{"line":66,"column":22},"end":{"line":66,"column":38}},{"start":{"line":66,"column":38},"end":{"line":66,"column":71}}],"line":66},"13":{"loc":{"start":{"line":78,"column":6},"end":{"line":80,"column":null}},"type":"if","locations":[{"start":{"line":78,"column":6},"end":{"line":80,"column":null}},{"start":{},"end":{}}],"line":78}},"s":{"0":2,"1":23,"2":23,"3":23,"4":23,"5":23,"6":7,"7":7,"8":7,"9":7,"10":7,"11":2,"12":2,"13":1,"14":6,"15":6,"16":0,"17":6,"18":7,"19":7,"20":7,"21":6,"22":0,"23":5,"24":2,"25":2,"26":2,"27":7,"28":23,"29":2,"30":0,"31":2,"32":2,"33":2,"34":2,"35":1,"36":1,"37":1,"38":0,"39":0,"40":23,"41":1,"42":1,"43":1,"44":1,"45":1,"46":23},"f":{"0":23,"1":7,"2":2,"3":1,"4":1},"b":{"0":[2,5],"1":[1,1],"2":[1,0],"3":[0,6],"4":[6,2],"5":[0,6],"6":[6,5],"7":[0,0],"8":[2,0],"9":[0,2],"10":[1,1],"11":[1,0],"12":[0,0],"13":[1,0]},"meta":{"lastBranch":14,"lastFunction":5,"lastStatement":47,"seen":{"s:4:30:92:Infinity":0,"f:4:30:4:31":0,"s:5:36:5:Infinity":1,"s:6:32:6:Infinity":2,"s:7:32:7:Infinity":3,"s:8:38:8:Infinity":4,"s:10:25:51:Infinity":5,"f:10:25:10:32":1,"s:11:4:11:Infinity":6,"s:12:4:12:Infinity":7,"s:13:4:13:Infinity":8,"s:15:4:50:Infinity":9,"b:16:6:21:Infinity:undefined:undefined:undefined:undefined":0,"s:16:6:21:Infinity":10,"s:17:28:17:Infinity":11,"b:18:8:20:Infinity:undefined:undefined:undefined:undefined":1,"s:18:8:20:Infinity":12,"s:19:10:19:Infinity":13,"b:19:26:19:47:19:47:19:80":2,"s:23:24:23:Infinity":14,"b:24:6:26:Infinity:undefined:undefined:undefined:undefined":3,"s:24:6:26:Infinity":15,"s:25:8:25:Infinity":16,"s:28:23:28:Infinity":17,"b:28:23:28:42:28:42:28:Infinity":4,"s:30:30:33:Infinity":18,"s:35:6:35:Infinity":19,"s:37:24:37:Infinity":20,"b:38:6:40:Infinity:undefined:undefined:undefined:undefined":5,"s:38:6:40:Infinity":21,"b:38:10:38:32:38:32:38:54":6,"s:39:8:39:Infinity":22,"b:39:24:39:43:39:43:39:85":7,"s:42:6:42:Infinity":23,"s:45:6:45:Infinity":24,"s:46:6:46:Infinity":25,"b:46:19:46:46:46:46:46:100":8,"s:47:6:47:Infinity":26,"s:49:6:49:Infinity":27,"s:53:22:72:Infinity":28,"f:53:22:53:34":2,"b:54:4:54:Infinity:undefined:undefined:undefined:undefined":9,"s:54:4:54:Infinity":29,"s:54:20:54:Infinity":30,"s:56:25:56:Infinity":31,"s:57:4:71:Infinity":32,"s:58:21:58:Infinity":33,"b:60:6:68:Infinity:62:13:68:Infinity":10,"s:60:6:68:Infinity":34,"s:61:8:61:Infinity":35,"b:63:8:67:Infinity:65:15:67:Infinity":11,"s:63:8:67:Infinity":36,"s:64:10:64:Infinity":37,"s:66:10:66:Infinity":38,"b:66:22:66:38:66:38:66:71":12,"s:70:6:70:Infinity":39,"s:74:21:82:Infinity":40,"f:74:21:74:27":3,"s:75:4:75:Infinity":41,"s:76:4:81:Infinity":42,"f:76:15:76:21":4,"s:77:6:77:Infinity":43,"b:78:6:80:Infinity:undefined:undefined:undefined:undefined":13,"s:78:6:80:Infinity":44,"s:79:8:79:Infinity":45,"s:84:2:91:Infinity":46}}}
,"C:\\Users\\meler\\Calculadora-Cotizaciones-SIMAR\\src\\renderer\\src\\features\\cotizacion\\hooks\\useQuoteCalculator.ts": {"path":"C:\\Users\\meler\\Calculadora-Cotizaciones-SIMAR\\src\\renderer\\src\\features\\cotizacion\\hooks\\useQuoteCalculator.ts","statementMap":{"0":{"start":{"line":5,"column":34},"end":{"line":78,"column":null}},"1":{"start":{"line":6,"column":26},"end":{"line":17,"column":null}},"2":{"start":{"line":19,"column":8},"end":{"line":22,"column":null}},"3":{"start":{"line":24,"column":2},"end":{"line":75,"column":null}},"4":{"start":{"line":25,"column":4},"end":{"line":25,"column":null}},"5":{"start":{"line":25,"column":19},"end":{"line":25,"column":null}},"6":{"start":{"line":27,"column":25},"end":{"line":27,"column":null}},"7":{"start":{"line":28,"column":24},"end":{"line":28,"column":null}},"8":{"start":{"line":29,"column":20},"end":{"line":29,"column":null}},"9":{"start":{"line":30,"column":24},"end":{"line":30,"column":null}},"10":{"start":{"line":31,"column":22},"end":{"line":31,"column":null}},"11":{"start":{"line":33,"column":20},"end":{"line":36,"column":null}},"12":{"start":{"line":34,"column":18},"end":{"line":34,"column":null}},"13":{"start":{"line":35,"column":6},"end":{"line":35,"column":null}},"14":{"start":{"line":38,"column":4},"end":{"line":58,"column":null}},"15":{"start":{"line":39,"column":23},"end":{"line":39,"column":null}},"16":{"start":{"line":40,"column":23},"end":{"line":40,"column":null}},"17":{"start":{"line":41,"column":6},"end":{"line":41,"column":null}},"18":{"start":{"line":43,"column":6},"end":{"line":45,"column":null}},"19":{"start":{"line":44,"column":8},"end":{"line":44,"column":null}},"20":{"start":{"line":47,"column":6},"end":{"line":49,"column":null}},"21":{"start":{"line":48,"column":8},"end":{"line":48,"column":null}},"22":{"start":{"line":51,"column":6},"end":{"line":53,"column":null}},"23":{"start":{"line":52,"column":8},"end":{"line":52,"column":null}},"24":{"start":{"line":55,"column":6},"end":{"line":57,"column":null}},"25":{"start":{"line":56,"column":8},"end":{"line":56,"column":null}},"26":{"start":{"line":60,"column":21},"end":{"line":60,"column":null}},"27":{"start":{"line":61,"column":16},"end":{"line":61,"column":null}},"28":{"start":{"line":63,"column":4},"end":{"line":74,"column":null}},"29":{"start":{"line":77,"column":2},"end":{"line":77,"column":null}}},"fnMap":{"0":{"name":"(anonymous_0)","decl":{"start":{"line":5,"column":34},"end":{"line":5,"column":35}},"loc":{"start":{"line":5,"column":73},"end":{"line":78,"column":null}},"line":5},"1":{"name":"(anonymous_1)","decl":{"start":{"line":24,"column":12},"end":{"line":24,"column":18}},"loc":{"start":{"line":24,"column":18},"end":{"line":75,"column":5}},"line":24},"2":{"name":"(anonymous_2)","decl":{"start":{"line":33,"column":20},"end":{"line":33,"column":21}},"loc":{"start":{"line":33,"column":34},"end":{"line":36,"column":null}},"line":33},"3":{"name":"(anonymous_3)","decl":{"start":{"line":38,"column":21},"end":{"line":38,"column":22}},"loc":{"start":{"line":38,"column":34},"end":{"line":58,"column":5}},"line":38},"4":{"name":"(anonymous_4)","decl":{"start":{"line":43,"column":32},"end":{"line":43,"column":37}},"loc":{"start":{"line":43,"column":37},"end":{"line":45,"column":7}},"line":43},"5":{"name":"(anonymous_5)","decl":{"start":{"line":47,"column":28},"end":{"line":47,"column":33}},"loc":{"start":{"line":47,"column":33},"end":{"line":49,"column":7}},"line":47},"6":{"name":"(anonymous_6)","decl":{"start":{"line":51,"column":32},"end":{"line":51,"column":37}},"loc":{"start":{"line":51,"column":37},"end":{"line":53,"column":7}},"line":51},"7":{"name":"(anonymous_7)","decl":{"start":{"line":55,"column":34},"end":{"line":55,"column":39}},"loc":{"start":{"line":55,"column":39},"end":{"line":57,"column":7}},"line":55}},"branchMap":{"0":{"loc":{"start":{"line":25,"column":4},"end":{"line":25,"column":null}},"type":"if","locations":[{"start":{"line":25,"column":4},"end":{"line":25,"column":null}},{"start":{},"end":{}}],"line":25},"1":{"loc":{"start":{"line":35,"column":13},"end":{"line":35,"column":null}},"type":"cond-expr","locations":[{"start":{"line":35,"column":26},"end":{"line":35,"column":30}},{"start":{"line":35,"column":30},"end":{"line":35,"column":null}}],"line":35},"2":{"loc":{"start":{"line":40,"column":23},"end":{"line":40,"column":null}},"type":"cond-expr","locations":[{"start":{"line":40,"column":64},"end":{"line":40,"column":108}},{"start":{"line":40,"column":108},"end":{"line":40,"column":null}}],"line":40}},"s":{"0":1,"1":6,"2":6,"3":6,"4":3,"5":0,"6":3,"7":3,"8":3,"9":3,"10":3,"11":3,"12":19,"13":19,"14":3,"15":3,"16":3,"17":3,"18":3,"19":2,"20":3,"21":1,"22":3,"23":1,"24":3,"25":1,"26":3,"27":3,"28":3,"29":6},"f":{"0":6,"1":3,"2":19,"3":3,"4":2,"5":1,"6":1,"7":1},"b":{"0":[0,3],"1":[1,18],"2":[1,2]},"meta":{"lastBranch":3,"lastFunction":8,"lastStatement":30,"seen":{"s:5:34:78:Infinity":0,"f:5:34:5:35":0,"s:6:26:17:Infinity":1,"s:19:8:22:Infinity":2,"s:24:2:75:Infinity":3,"f:24:12:24:18":1,"b:25:4:25:Infinity:undefined:undefined:undefined:undefined":0,"s:25:4:25:Infinity":4,"s:25:19:25:Infinity":5,"s:27:25:27:Infinity":6,"s:28:24:28:Infinity":7,"s:29:20:29:Infinity":8,"s:30:24:30:Infinity":9,"s:31:22:31:Infinity":10,"s:33:20:36:Infinity":11,"f:33:20:33:21":2,"s:34:18:34:Infinity":12,"s:35:6:35:Infinity":13,"b:35:26:35:30:35:30:35:Infinity":1,"s:38:4:58:Infinity":14,"f:38:21:38:22":3,"s:39:23:39:Infinity":15,"s:40:23:40:Infinity":16,"b:40:64:40:108:40:108:40:Infinity":2,"s:41:6:41:Infinity":17,"s:43:6:45:Infinity":18,"f:43:32:43:37":4,"s:44:8:44:Infinity":19,"s:47:6:49:Infinity":20,"f:47:28:47:33":5,"s:48:8:48:Infinity":21,"s:51:6:53:Infinity":22,"f:51:32:51:37":6,"s:52:8:52:Infinity":23,"s:55:6:57:Infinity":24,"f:55:34:55:39":7,"s:56:8:56:Infinity":25,"s:60:21:60:Infinity":26,"s:61:16:61:Infinity":27,"s:63:4:74:Infinity":28,"s:77:2:77:Infinity":29}}}
,"C:\\Users\\meler\\Calculadora-Cotizaciones-SIMAR\\src\\renderer\\src\\features\\cotizacion\\hooks\\useQuoteForm.ts": {"path":"C:\\Users\\meler\\Calculadora-Cotizaciones-SIMAR\\src\\renderer\\src\\features\\cotizacion\\hooks\\useQuoteForm.ts","statementMap":{"0":{"start":{"line":8,"column":28},"end":{"line":150,"column":null}},"1":{"start":{"line":9,"column":8},"end":{"line":45,"column":null}},"2":{"start":{"line":48,"column":78},"end":{"line":51,"column":null}},"3":{"start":{"line":53,"column":24},"end":{"line":77,"column":null}},"4":{"start":{"line":54,"column":4},"end":{"line":75,"column":null}},"5":{"start":{"line":76,"column":4},"end":{"line":76,"column":null}},"6":{"start":{"line":79,"column":2},"end":{"line":110,"column":null}},"7":{"start":{"line":80,"column":4},"end":{"line":83,"column":null}},"8":{"start":{"line":81,"column":6},"end":{"line":81,"column":null}},"9":{"start":{"line":82,"column":6},"end":{"line":82,"column":null}},"10":{"start":{"line":85,"column":27},"end":{"line":107,"column":null}},"11":{"start":{"line":86,"column":22},"end":{"line":86,"column":null}},"12":{"start":{"line":87,"column":6},"end":{"line":106,"column":null}},"13":{"start":{"line":88,"column":25},"end":{"line":88,"column":null}},"14":{"start":{"line":89,"column":8},"end":{"line":103,"column":null}},"15":{"start":{"line":90,"column":36},"end":{"line":90,"column":null}},"16":{"start":{"line":92,"column":10},"end":{"line":98,"column":null}},"17":{"start":{"line":100,"column":10},"end":{"line":100,"column":null}},"18":{"start":{"line":102,"column":10},"end":{"line":102,"column":null}},"19":{"start":{"line":105,"column":8},"end":{"line":105,"column":null}},"20":{"start":{"line":109,"column":4},"end":{"line":109,"column":null}},"21":{"start":{"line":112,"column":22},"end":{"line":147,"column":null}},"22":{"start":{"line":113,"column":4},"end":{"line":146,"column":null}},"23":{"start":{"line":114,"column":30},"end":{"line":126,"column":null}},"24":{"start":{"line":115,"column":31},"end":{"line":117,"column":null}},"25":{"start":{"line":119,"column":8},"end":{"line":125,"column":null}},"26":{"start":{"line":128,"column":34},"end":{"line":140,"column":null}},"27":{"start":{"line":142,"column":23},"end":{"line":142,"column":null}},"28":{"start":{"line":143,"column":6},"end":{"line":143,"column":null}},"29":{"start":{"line":145,"column":6},"end":{"line":145,"column":null}},"30":{"start":{"line":149,"column":2},"end":{"line":149,"column":null}}},"fnMap":{"0":{"name":"(anonymous_0)","decl":{"start":{"line":8,"column":28},"end":{"line":8,"column":29}},"loc":{"start":{"line":8,"column":56},"end":{"line":150,"column":null}},"line":8},"1":{"name":"(anonymous_1)","decl":{"start":{"line":53,"column":24},"end":{"line":53,"column":30}},"loc":{"start":{"line":53,"column":30},"end":{"line":77,"column":null}},"line":53},"2":{"name":"(anonymous_2)","decl":{"start":{"line":79,"column":12},"end":{"line":79,"column":18}},"loc":{"start":{"line":79,"column":18},"end":{"line":110,"column":5}},"line":79},"3":{"name":"(anonymous_3)","decl":{"start":{"line":85,"column":27},"end":{"line":85,"column":39}},"loc":{"start":{"line":85,"column":39},"end":{"line":107,"column":null}},"line":85},"4":{"name":"(anonymous_4)","decl":{"start":{"line":112,"column":22},"end":{"line":112,"column":29}},"loc":{"start":{"line":112,"column":114},"end":{"line":147,"column":null}},"line":112},"5":{"name":"(anonymous_5)","decl":{"start":{"line":114,"column":48},"end":{"line":114,"column":59}},"loc":{"start":{"line":114,"column":59},"end":{"line":126,"column":7}},"line":114}},"branchMap":{"0":{"loc":{"start":{"line":22,"column":14},"end":{"line":22,"column":null}},"type":"cond-expr","locations":[{"start":{"line":22,"column":34},"end":{"line":22,"column":56}},{"start":{"line":22,"column":56},"end":{"line":22,"column":null}}],"line":22},"1":{"loc":{"start":{"line":55,"column":10},"end":{"line":55,"column":null}},"type":"cond-expr","locations":[{"start":{"line":55,"column":30},"end":{"line":55,"column":52}},{"start":{"line":55,"column":52},"end":{"line":55,"column":null}}],"line":55},"2":{"loc":{"start":{"line":80,"column":4},"end":{"line":83,"column":null}},"type":"if","locations":[{"start":{"line":80,"column":4},"end":{"line":83,"column":null}},{"start":{},"end":{}}],"line":80},"3":{"loc":{"start":{"line":89,"column":8},"end":{"line":103,"column":null}},"type":"if","locations":[{"start":{"line":89,"column":8},"end":{"line":103,"column":null}},{"start":{"line":101,"column":15},"end":{"line":103,"column":null}}],"line":89},"4":{"loc":{"start":{"line":89,"column":12},"end":{"line":89,"column":47}},"type":"binary-expr","locations":[{"start":{"line":89,"column":12},"end":{"line":89,"column":32}},{"start":{"line":89,"column":32},"end":{"line":89,"column":47}}],"line":89},"5":{"loc":{"start":{"line":112,"column":52},"end":{"line":112,"column":74}},"type":"default-arg","locations":[{"start":{"line":112,"column":71},"end":{"line":112,"column":74}}],"line":112},"6":{"loc":{"start":{"line":112,"column":74},"end":{"line":112,"column":114}},"type":"default-arg","locations":[{"start":{"line":112,"column":90},"end":{"line":112,"column":114}}],"line":112},"7":{"loc":{"start":{"line":115,"column":31},"end":{"line":117,"column":null}},"type":"cond-expr","locations":[{"start":{"line":116,"column":12},"end":{"line":116,"column":null}},{"start":{"line":117,"column":12},"end":{"line":117,"column":null}}],"line":115},"8":{"loc":{"start":{"line":115,"column":31},"end":{"line":115,"column":null}},"type":"binary-expr","locations":[{"start":{"line":115,"column":31},"end":{"line":115,"column":68}},{"start":{"line":115,"column":68},"end":{"line":115,"column":null}}],"line":115},"9":{"loc":{"start":{"line":129,"column":12},"end":{"line":129,"column":null}},"type":"binary-expr","locations":[{"start":{"line":129,"column":12},"end":{"line":129,"column":22}},{"start":{"line":129,"column":22},"end":{"line":129,"column":null}}],"line":129}},"s":{"0":2,"1":11,"2":11,"3":11,"4":0,"5":0,"6":11,"7":5,"8":2,"9":2,"10":3,"11":3,"12":3,"13":3,"14":3,"15":1,"16":1,"17":1,"18":1,"19":1,"20":3,"21":11,"22":2,"23":2,"24":2,"25":2,"26":2,"27":2,"28":1,"29":1,"30":11},"f":{"0":11,"1":0,"2":5,"3":3,"4":2,"5":2},"b":{"0":[11,0],"1":[0,0],"2":[2,3],"3":[1,1],"4":[3,1],"5":[2],"6":[2],"7":[1,1],"8":[2,1],"9":[2,1]},"meta":{"lastBranch":10,"lastFunction":6,"lastStatement":31,"seen":{"s:8:28:150:Infinity":0,"f:8:28:8:29":0,"s:9:8:45:Infinity":1,"b:22:34:22:56:22:56:22:Infinity":0,"s:48:78:51:Infinity":2,"s:53:24:77:Infinity":3,"f:53:24:53:30":1,"s:54:4:75:Infinity":4,"b:55:30:55:52:55:52:55:Infinity":1,"s:76:4:76:Infinity":5,"s:79:2:110:Infinity":6,"f:79:12:79:18":2,"b:80:4:83:Infinity:undefined:undefined:undefined:undefined":2,"s:80:4:83:Infinity":7,"s:81:6:81:Infinity":8,"s:82:6:82:Infinity":9,"s:85:27:107:Infinity":10,"f:85:27:85:39":3,"s:86:22:86:Infinity":11,"s:87:6:106:Infinity":12,"s:88:25:88:Infinity":13,"b:89:8:103:Infinity:101:15:103:Infinity":3,"s:89:8:103:Infinity":14,"b:89:12:89:32:89:32:89:47":4,"s:90:36:90:Infinity":15,"s:92:10:98:Infinity":16,"s:100:10:100:Infinity":17,"s:102:10:102:Infinity":18,"s:105:8:105:Infinity":19,"s:109:4:109:Infinity":20,"s:112:22:147:Infinity":21,"f:112:22:112:29":4,"b:112:71:112:74":5,"b:112:90:112:114":6,"s:113:4:146:Infinity":22,"s:114:30:126:Infinity":23,"f:114:48:114:59":5,"s:115:31:117:Infinity":24,"b:116:12:116:Infinity:117:12:117:Infinity":7,"b:115:31:115:68:115:68:115:Infinity":8,"s:119:8:125:Infinity":25,"s:128:34:140:Infinity":26,"b:129:12:129:22:129:22:129:Infinity":9,"s:142:23:142:Infinity":27,"s:143:6:143:Infinity":28,"s:145:6:145:Infinity":29,"s:149:2:149:Infinity":30}}}
,"C:\\Users\\meler\\Calculadora-Cotizaciones-SIMAR\\src\\shared\\schemas\\quoteSchema.ts": {"path":"C:\\Users\\meler\\Calculadora-Cotizaciones-SIMAR\\src\\shared\\schemas\\quoteSchema.ts","statementMap":{"0":{"start":{"line":3,"column":27},"end":{"line":75,"column":null}},"1":{"start":{"line":6,"column":48},"end":{"line":6,"column":74}},"2":{"start":{"line":11,"column":16},"end":{"line":11,"column":null}}},"fnMap":{"0":{"name":"(anonymous_0)","decl":{"start":{"line":6,"column":41},"end":{"line":6,"column":48}},"loc":{"start":{"line":6,"column":48},"end":{"line":6,"column":74}},"line":6},"1":{"name":"(anonymous_1)","decl":{"start":{"line":11,"column":6},"end":{"line":11,"column":7}},"loc":{"start":{"line":11,"column":16},"end":{"line":11,"column":null}},"line":11}},"branchMap":{"0":{"loc":{"start":{"line":6,"column":48},"end":{"line":6,"column":74}},"type":"binary-expr","locations":[{"start":{"line":6,"column":48},"end":{"line":6,"column":62}},{"start":{"line":6,"column":62},"end":{"line":6,"column":74}}],"line":6},"1":{"loc":{"start":{"line":11,"column":16},"end":{"line":11,"column":null}},"type":"cond-expr","locations":[{"start":{"line":11,"column":66},"end":{"line":11,"column":78}},{"start":{"line":11,"column":78},"end":{"line":11,"column":null}}],"line":11},"2":{"loc":{"start":{"line":11,"column":16},"end":{"line":11,"column":66}},"type":"binary-expr","locations":[{"start":{"line":11,"column":16},"end":{"line":11,"column":30}},{"start":{"line":11,"column":30},"end":{"line":11,"column":46}},{"start":{"line":11,"column":46},"end":{"line":11,"column":66}}],"line":11}},"s":{"0":3,"1":11,"2":11},"f":{"0":11,"1":11},"b":{"0":[11,0],"1":[11,0],"2":[11,11,11]},"meta":{"lastBranch":3,"lastFunction":2,"lastStatement":3,"seen":{"s:3:27:75:Infinity":0,"f:6:41:6:48":0,"s:6:48:6:74":1,"b:6:48:6:62:6:62:6:74":0,"f:11:6:11:7":1,"s:11:16:11:Infinity":2,"b:11:66:11:78:11:78:11:Infinity":1,"b:11:16:11:30:11:30:11:46:11:46:11:66":2}}}
}
